#"Step",  "Time (ps)",  "Potential Energy (kJ/mole)",  "Kinetic Energy (kJ/mole)",  "Total Energy (kJ/mole)",  "Temperature (K)",  "Speed (ns/day)"
200000,  100.00000000029546,  -33930.206049125314,  11210.552602295384,  -22719.65344682993,  298.41350352769905,  0
400000,  199.99999999872657,  -34161.21684865318,  11430.174032051786,  -22731.042816601395,  306.38002722419156,  154
600000,  299.9999999963619,  -34706.52057773742,  11002.032348520464,  -23704.488229216957,  294.4432817414596,  156
800000,  399.9999999939972,  -34268.368472590904,  11258.64971877973,  -23009.718753811176,  301.9733580388791,  156
1000000,  499.99999999163254,  -34042.11425387366,  10889.38246778307,  -23152.73178609059,  291.1359196924606,  156
1200000,  599.9999999892678,  -34328.857962200476,  11101.643817395872,  -23227.214144804602,  295.7946158494566,  156
1400000,  699.9999999869032,  -34436.73309575185,  11148.55396383131,  -23288.17913192054,  298.7835473315934,  156
1600000,  799.9999999845385,  -34840.59125922088,  11141.678288833178,  -23698.912970387697,  297.3482310652349,  155
1800000,  899.9999999821738,  -34260.91082211284,  10644.76605837577,  -23616.144763737073,  284.67490701415204,  155
2000000,  999.9999999798091,  -34504.784101234196,  11323.759138819089,  -23181.024962415107,  302.50158624193284,  155
2200000,  1099.9999999947247,  -34813.86175955969,  11262.974313180996,  -23550.887446378692,  301.37646736449176,  155
2400000,  1200.0000000150974,  -34379.898052233206,  11026.59596697221,  -23353.302085260995,  294.41841973719346,  155
2600000,  1300.00000003547,  -34851.98684655036,  10951.525658349154,  -23900.461188201207,  292.31026493828136,  155
2800000,  1400.0000000558427,  -34597.72683870565,  11068.116277208499,  -23529.610561497146,  295.4415506189299,  156
3000000,  1500.0000000762154,  -34860.3598393301,  11224.57963921204,  -23635.78020011806,  300.8539742251757,  156
3200000,  1600.000000096588,  -34766.95191715896,  11292.20295850518,  -23474.748958653785,  301.84053412351216,  156
3400000,  1700.0000001169608,  -34585.89882341767,  10937.318047315117,  -23648.580776102557,  292.9545094286026,  156
3600000,  1800.0000001373335,  -34440.840127968666,  11168.199045892785,  -23272.641082075883,  299.028296474222,  156
3800000,  1900.0000001577062,  -34375.89161475977,  10897.284495577876,  -23478.607119181892,  292.6696758225945,  156
4000000,  2000.0000001780788,  -34570.33781516528,  11271.004842607426,  -23299.33297255785,  301.283635518019,  156
4200000,  2100.0000001984513,  -34155.25835711909,  11214.040710581086,  -22941.217646538003,  300.19993444077653,  156
4400000,  2200.000000218824,  -34152.376524415515,  11482.285286293785,  -22670.091238121728,  307.4381770993064,  156
4600000,  2300.0000002391967,  -34550.889286913814,  11105.644503149451,  -23445.244783764363,  296.09134301321205,  156
4800000,  2400.0000002595693,  -34509.351363598165,  10965.648640870222,  -23543.702722727943,  292.7628176404136,  156
5000000,  2500.000000279942,  -34391.20947314345,  11127.067505590609,  -23264.141967552838,  297.1449063595963,  156
5200000,  2600.0000003003147,  -34450.73518454331,  11297.321077056826,  -23153.414107486482,  303.0726762325797,  156
5400000,  2700.0000003206874,  -34084.4882306082,  10872.60044007018,  -23211.88779053802,  291.02220962298884,  156
5600000,  2800.00000034106,  -34175.661300933585,  11136.259034729017,  -23039.402266204568,  297.7628199188274,  156
5800000,  2900.0000003614327,  -34077.53983636196,  11235.954782768287,  -22841.585053593673,  300.4973344925857,  156
6000000,  3000.0000003818054,  -34488.24516596789,  11457.13763083423,  -23031.107535133662,  305.77966523124906,  156
6200000,  3100.000000402178,  -34559.743742449995,  11007.40124575467,  -23552.342496695324,  294.75900892961533,  156
6400000,  3200.000000422551,  -34548.01531983083,  11015.314034021912,  -23532.701285808922,  294.4022825258929,  156
6600000,  3300.0000004429235,  -34649.93641777581,  11364.695079687355,  -23285.241338088454,  304.22694048862354,  156
6800000,  3400.000000463296,  -34236.151449042794,  11031.980007121034,  -23204.17144192176,  294.59220100555626,  156
7000000,  3500.000000483669,  -34819.46791912099,  11270.61956356567,  -23548.848355555318,  301.4346836007918,  156
7200000,  3600.0000005040415,  -34743.537834088675,  11389.617679678251,  -23353.92015441042,  304.8133730795457,  156
7400000,  3700.000000524414,  -34351.725066615436,  11079.563297673081,  -23272.161768942355,  295.9161747094442,  156
7600000,  3800.000000544787,  -34631.61423591933,  11274.221173824879,  -23357.393062094452,  302.00032800207225,  156
7800000,  3900.0000005651596,  -34461.67473342709,  11028.005794507466,  -23433.668938919625,  294.9211979147168,  156
8000000,  4000.0000005855322,  -34972.99945763442,  10798.723817282673,  -24174.275640351745,  288.4618335012291,  156
8200000,  4100.0000006059045,  -33928.34599470963,  10995.763021457675,  -22932.582973251952,  294.36752964794937,  156
8400000,  4200.000000626277,  -34090.63585467559,  11403.45198724563,  -22687.183867429958,  304.44620106999105,  156
8600000,  4300.00000064665,  -34219.977384592945,  11296.710874649636,  -22923.266509943307,  302.9056118188433,  156
8800000,  4400.0000006670225,  -34533.30034503656,  11191.657406331798,  -23341.64293870476,  299.0927564006175,  156
9000000,  4500.000000687395,  -34265.11050659774,  11573.299723420507,  -22691.810783177232,  308.7919805092349,  156
9200000,  4600.000000707768,  -34579.73203037254,  11401.027688837807,  -23178.704341534736,  303.81910173910916,  156
9400000,  4700.000000728141,  -34476.20376187888,  11253.311476888715,  -23222.892284990165,  300.4199865751858,  156
9600000,  4800.000000748513,  -34437.048255201196,  11087.443938815424,  -23349.604316385772,  295.8484927532784,  156
9800000,  4900.000000768886,  -34785.231927519286,  11523.216032345465,  -23262.01589517382,  307.58495859418184,  156
10000000,  5000.000000789259,  -34486.396453486625,  11105.798665953964,  -23380.59778753266,  296.5551805277931,  156
10200000,  5100.000000809631,  -34539.47954775094,  10832.123338855214,  -23707.356208895726,  289.51823152183636,  156
10400000,  5200.000000830004,  -34551.60410629015,  11071.180031914057,  -23480.424074376093,  295.4862718678438,  156
10600000,  5300.000000850377,  -34455.70779551252,  10878.410369914329,  -23577.29742559819,  290.49601320847256,  156
10800000,  5400.000000870749,  -34855.504789874416,  10934.524590226289,  -23920.980199648126,  291.53325524603156,  156
11000000,  5500.000000891122,  -34424.88499542914,  10988.766793002535,  -23436.11820242661,  294.36232886026926,  156
11200000,  5600.000000911495,  -34361.16791497544,  10904.322789414344,  -23456.8451255611,  291.39652977510787,  156
11400000,  5700.000000931867,  -34146.05818197795,  11095.091134243434,  -23050.967047734513,  296.70994732393973,  156
11600000,  5800.00000095224,  -34467.37974679101,  10969.204876426691,  -23498.17487036432,  292.7268409258445,  156
11800000,  5900.000000972613,  -34532.8647859541,  10857.33811474583,  -23675.526671208274,  290.8480456843871,  156
12000000,  6000.000000992985,  -34693.552606328965,  11143.04323201777,  -23550.509374311194,  297.66964274408565,  156
12200000,  6100.000001013358,  -34302.361655446875,  11081.097690820598,  -23221.263964626276,  297.12227210563503,  156
12400000,  6200.000001033731,  -34436.947118959695,  11029.399344856405,  -23407.54777410329,  295.2976559028348,  156
12600000,  6300.000001054103,  -34920.932471350425,  11061.945711128508,  -23858.986760221916,  295.2008445088214,  156
12800000,  6400.000001074476,  -34380.105044701064,  11181.792640861002,  -23198.312403840064,  298.46663201824657,  156
13000000,  6500.000001094849,  -34394.83010260348,  11300.578175015598,  -23094.251927587884,  302.22361964451267,  156
13200000,  6600.0000011152215,  -34447.44654476911,  11119.528686380923,  -23327.917858388188,  298.6392827919873,  156
13400000,  6700.000001135594,  -34506.42182334177,  10966.172884459158,  -23540.248938882614,  293.6623025333369,  156
13600000,  6800.000001155967,  -34509.95138543513,  11205.389899482023,  -23304.56148595311,  298.4697107481413,  156
13800000,  6900.0000011763395,  -34430.10232892224,  11046.653815338454,  -23383.44851358379,  295.1672294641461,  156
14000000,  7000.000001196712,  -34058.51352552331,  11082.101356266361,  -22976.41216925695,  296.38051024181203,  156
14200000,  7100.000001217085,  -34679.6969524587,  11096.748658227105,  -23582.94829423159,  296.7575997605343,  156
14400000,  7200.000001237458,  -34707.41662272004,  11197.687379448951,  -23509.72924327109,  298.99733711124685,  156
14600000,  7300.00000125783,  -34082.94103229029,  11092.487643398266,  -22990.453388892027,  296.3143765892939,  156
14800000,  7400.000001278203,  -34108.0789995392,  11110.055433515518,  -22998.02356602368,  296.66139459330884,  156
15000000,  7500.000001298576,  -34466.56473274689,  11240.431749887492,  -23226.1329828594,  300.1095928735882,  156
15200000,  7600.000001318948,  -34257.148088715694,  11254.668472302104,  -23002.47961641359,  301.32862789435063,  156
15400000,  7700.000001339321,  -34047.824401593585,  10968.46080714678,  -23079.363594446804,  293.853851817823,  156
15600000,  7800.000001359694,  -34352.80423304467,  11199.304650988552,  -23153.499582056116,  299.7209958383651,  156
15800000,  7900.000001380066,  -34260.78069174228,  11404.158421341004,  -22856.622270401276,  304.46867347998335,  156
16000000,  8000.000001400439,  -34093.20762395562,  10978.19004921401,  -23115.017574741607,  294.6007225554524,  156
16200000,  8100.000001420812,  -34159.490046260486,  11327.357562074054,  -22832.132484186433,  303.7962162642845,  156
16400000,  8200.000001441183,  -34787.24623700148,  10854.03795990375,  -23933.20827709773,  290.5714912581998,  156
16600000,  8300.000001461556,  -34576.263996685826,  11166.80544909861,  -23409.458547587215,  297.98786153864137,  156
16800000,  8400.000001481929,  -34624.78832218688,  11299.862906422939,  -23324.925415763944,  301.84423323689305,  156
17000000,  8500.000001502302,  -34524.977445345896,  11311.221641659127,  -23213.75580368677,  302.50909302398514,  156
17200000,  8600.000001522674,  -34621.35811212567,  11073.55384278559,  -23547.804269340082,  296.11987914632664,  156
17400000,  8700.000001543047,  -34371.10709302216,  11112.271013012545,  -23258.836080009616,  296.47645500181056,  156
17600000,  8800.00000156342,  -34200.8619061593,  11053.937928020614,  -23146.923978138686,  295.93114616907667,  156
17800000,  8900.000001583792,  -34291.319222173486,  11101.322303481536,  -23189.996918691948,  296.8740950203343,  156
18000000,  9000.000001604165,  -34404.3723616789,  11264.859917830207,  -23139.512443848693,  301.0578309612921,  156
18200000,  9100.000001624538,  -34484.83816612857,  11253.950450836694,  -23230.887715291872,  299.86103018783865,  156
18400000,  9200.00000164491,  -34578.06054336346,  11302.005038461131,  -23276.05550490233,  302.8793390650294,  156
18600000,  9300.000001665283,  -34359.88165500446,  11066.350102841585,  -23293.531552162873,  295.8825942661864,  156
18800000,  9400.000001685656,  -34300.274996705266,  10948.062259194177,  -23352.212737511087,  292.0493101786284,  156
19000000,  9500.000001706028,  -33960.3512576733,  11215.654133036309,  -22744.697124636987,  300.4510361804304,  156
19200000,  9600.000001726401,  -34559.02450888956,  10936.344802075864,  -23622.679706813695,  292.4529389436463,  156
19400000,  9700.000001746774,  -34357.699918348946,  10721.776192198646,  -23635.9237261503,  286.65910069148657,  156
19600000,  9800.000001767146,  -34106.156461630126,  10816.033194642101,  -23290.123266988026,  289.3774270000307,  156
19800000,  9900.000001787519,  -34888.62633400222,  11215.68352255853,  -23672.94281144369,  299.58828356971196,  156
20000000,  10000.000001807892,  -34840.17266002518,  11059.029126334226,  -23781.143533690953,  296.2774811517736,  156
20200000,  10100.000001828264,  -34658.1920531196,  10876.625006559309,  -23781.567046560293,  291.42493853793485,  156
20400000,  10200.000001848637,  -34648.672090514956,  10947.543824006134,  -23701.128266508822,  293.16728580975257,  156
20600000,  10300.00000186901,  -34575.31383750013,  10960.65473326745,  -23614.659104232676,  293.1264380165027,  156
20800000,  10400.000001889382,  -34538.68485192071,  10895.0532135647,  -23643.63163835601,  290.75756725805115,  156
21000000,  10500.000001909755,  -34352.49029616744,  11032.774226940452,  -23319.716069226986,  294.8922399835581,  156
21200000,  10600.000001930128,  -34190.83530054791,  10881.236935701621,  -23309.598364846286,  291.3353498396811,  156
21400000,  10700.0000019505,  -34583.14836424238,  11195.413899936879,  -23387.734464305497,  299.38091562765146,  156
21600000,  10800.000001970873,  -34214.602473912455,  10958.51143276311,  -23256.091041149346,  292.6171063353423,  156
21800000,  10900.000001991246,  -34479.227454780324,  10905.843200161416,  -23573.384254618908,  291.01812370876706,  156
22000000,  11000.000002011619,  -34503.0371555089,  11135.798988907367,  -23367.238166601535,  297.73952753847533,  156
22200000,  11100.000002031991,  -34039.617034635834,  10988.43469488276,  -23051.182339753075,  293.9022772258354,  156
22400000,  11200.000002052364,  -34826.07758538445,  10827.80243914875,  -23998.275146235705,  289.7912647636065,  156
22600000,  11300.000002072737,  -34474.88639748886,  11368.35289154098,  -23106.53350594788,  304.3949736031824,  156
22800000,  11400.00000209311,  -34272.529167957895,  11377.933766040062,  -22894.59540191783,  304.2575695286998,  156
23000000,  11500.000002113482,  -34471.94854951845,  11266.729756199013,  -23205.218793319436,  300.79268142989434,  156
23200000,  11600.000002133855,  -34475.77247992474,  11206.311468514199,  -23269.461011410538,  299.8417646755586,  156
23400000,  11700.000002154227,  -34389.04463940594,  10940.35673279367,  -23448.68790661227,  293.3154427102477,  156
23600000,  11800.0000021746,  -35012.21520881364,  11442.069414250529,  -23570.145794563112,  306.3049725241535,  156
23800000,  11900.000002194973,  -34470.34838249706,  11369.910336834042,  -23100.438045663017,  304.1516809333645,  156
24000000,  12000.000002215345,  -34548.18377944882,  11370.96356369349,  -23177.220215755326,  304.39222286569054,  156
24200000,  12100.000002235718,  -34363.95486709338,  10921.541731904135,  -23442.413135189243,  292.3664729345167,  156
24400000,  12200.00000225609,  -34769.5739849446,  11021.351648263357,  -23748.222336681247,  295.3794968938456,  156
24600000,  12300.000002276463,  -34540.845440612145,  11206.23578054907,  -23334.609660063077,  298.98361917610015,  156
24800000,  12400.000002296836,  -34383.42797096087,  11266.633144705915,  -23116.794826254954,  301.1946655945821,  156
25000000,  12500.000002317209,  -34303.43849385683,  11042.5206028319,  -23260.917891024932,  294.8509932715468,  156
25200000,  12600.000002337581,  -34469.747048124045,  11338.544945995836,  -23131.20210212821,  302.5739260567675,  156
25400000,  12700.000002357954,  -34743.38685855978,  10764.581932970317,  -23978.804925589466,  288.65876500305234,  156
25600000,  12800.000002378327,  -34561.83864221214,  11165.660484480775,  -23396.178157731367,  298.5604149522197,  156
25800000,  12900.0000023987,  -34046.9997415605,  11284.910727096798,  -22762.089014463705,  301.00037862296773,  156
26000000,  13000.000002419072,  -34602.47764632409,  11292.97070216248,  -23309.506944161614,  301.4807567540845,  156
26200000,  13100.000002439445,  -33722.828358354804,  11047.450166443614,  -22675.37819191119,  295.56659518158415,  156
26400000,  13200.000002459818,  -34238.660876825255,  11082.084154819267,  -23156.576722005986,  296.3544857101277,  156
26600000,  13300.00000248019,  -34348.915038022904,  11352.308734675138,  -22996.606303347766,  305.08985042791437,  156
26800000,  13400.000002500563,  -34407.32621547511,  11169.269639021086,  -23238.056576454022,  297.85677725610196,  156
27000000,  13500.000002520936,  -34675.2622571784,  11142.081701489265,  -23533.180555689134,  298.51467178205934,  156
27200000,  13600.000002541308,  -34118.629542209586,  11097.632921410393,  -23020.996620799193,  296.90544455731003,  156
27400000,  13700.000002561681,  -34482.40873574104,  11217.409245484392,  -23264.999490256647,  300.57547650403023,  156
27600000,  13800.000002582054,  -34709.969944745804,  11421.807946867899,  -23288.161997877905,  305.5307661036016,  156
27800000,  13900.000002602426,  -34216.81956645025,  11256.715694662993,  -22960.103871787258,  300.62284279789736,  156
28000000,  14000.000002622799,  -34569.92824366942,  11324.209714627144,  -23245.718529042275,  303.75844733509905,  156
28200000,  14100.000002643172,  -34678.35182870392,  11030.152314391224,  -23648.199514312695,  294.811278785618,  156
28400000,  14200.000002663544,  -34208.54539972796,  11183.120794652574,  -23025.424605075386,  299.36832055733595,  156
28600000,  14300.000002683917,  -34846.26108152874,  10728.443107261272,  -24117.81797426747,  286.92156214228095,  156
28800000,  14400.00000270429,  -34439.410070125115,  11179.661243313809,  -23259.74882681131,  299.09807118024173,  156
29000000,  14500.000002724662,  -34567.35228996539,  11332.453064498764,  -23234.899225466626,  302.53009408464914,  156
29200000,  14600.000002745035,  -34740.70502042753,  10987.613742434081,  -23753.091277993448,  293.9129324818067,  156
29400000,  14700.000002765408,  -34544.04986431692,  11197.826127845488,  -23346.22373647143,  300.26446263556886,  156
29600000,  14800.00000278578,  -34684.291206616275,  11257.04491185125,  -23427.246294765027,  300.51902789398355,  156
29800000,  14900.000002806153,  -34525.759353549365,  10913.225954382548,  -23612.533399166816,  291.5002966531865,  156
30000000,  15000.000002826526,  -34188.18624207814,  11192.433147459707,  -22995.753094618434,  298.9860046302095,  156
30200000,  15100.000002846898,  -34541.071576455455,  11187.310467262285,  -23353.76110919317,  298.5921930447845,  156
30400000,  15200.000002867271,  -34633.72235156321,  11254.632895999855,  -23379.08945556335,  300.6238589390092,  156
30600000,  15300.000002887644,  -34699.92755578557,  10791.178630716217,  -23908.748925069354,  288.52119231883626,  156
30800000,  15400.000002908017,  -34451.897511190145,  11099.471183970963,  -23352.426327219182,  297.1656148562141,  156
31000000,  15500.00000292839,  -34651.948962534705,  10944.772101377022,  -23707.176861157684,  292.8130633041623,  156
31200000,  15600.000002948762,  -34229.25765364527,  11223.162911759811,  -23006.094741885456,  300.18830293727535,  156
31400000,  15700.000002969135,  -34507.55153597699,  10893.535002255083,  -23614.016533721908,  290.8695502142792,  156
31600000,  15800.000002989507,  -34437.368098089624,  11118.905864786158,  -23318.462233303464,  297.0133491892047,  156
31800000,  15900.00000300988,  -34639.14518345644,  10941.077882351377,  -23698.067301105068,  292.46393266263294,  156
32000000,  16000.000003030253,  -34292.270466655245,  10966.298342190854,  -23325.97212446439,  292.7910846242771,  156
32200000,  16100.000003050625,  -35227.33226638046,  11343.41458025485,  -23883.917686125606,  301.8724696560271,  156
32400000,  16200.000003070998,  -34873.97468293103,  11218.3170317276,  -23655.65765120343,  300.620383736337,  156
32600000,  16300.00000309137,  -34799.56454333639,  11081.334343058514,  -23718.230200277874,  296.2568934198795,  156
32800000,  16400.000003053534,  -34864.01033097427,  10928.268247128568,  -23935.742083845704,  292.68146171268603,  156
33000000,  16500.00000271011,  -34519.564494196384,  10883.282659327186,  -23636.281834869198,  291.6778992943475,  156
33200000,  16600.000002366683,  -34862.1326499768,  11132.475475569627,  -23729.65717440717,  297.4047551847967,  156
33400000,  16700.00000202326,  -34479.54862716583,  11103.720747468531,  -23375.8278796973,  297.15983578332333,  156
33600000,  16800.000001679833,  -34544.53034450775,  11111.524441204532,  -23433.00590330322,  296.98275354964005,  156
33800000,  16900.000001336408,  -34831.713439363986,  11191.702073330243,  -23640.011366033745,  299.2205217323573,  156
34000000,  17000.000000992983,  -34298.755468598465,  10905.204765942606,  -23393.55070265586,  292.4662528062736,  156
34200000,  17100.000000649557,  -34403.8319838548,  11462.183518968344,  -22941.648464886453,  306.30162331588787,  156
34400000,  17200.000000306132,  -34829.423572000465,  11185.228584905473,  -23644.19498709499,  299.09737128484073,  156
34600000,  17299.999999962707,  -34181.293622884725,  10898.29046204417,  -23283.003160840555,  291.88732882905623,  156
34800000,  17399.999999619282,  -34871.00278716707,  11112.811518466202,  -23758.191268700866,  296.48053344268476,  156
35000000,  17499.999999275857,  -34778.73492962467,  11096.195735552845,  -23682.539194071825,  297.42338789892267,  156
35200000,  17599.99999893243,  -34480.60861040172,  11270.692520920735,  -23209.91608948099,  301.16520028653633,  156
35400000,  17699.999998589006,  -34181.717042399425,  11297.431367874,  -22884.285674525425,  302.45252213498514,  156
35600000,  17799.99999824558,  -34181.464502046176,  11118.12838460276,  -23063.336117443418,  297.6601436645505,  156
35800000,  17899.999997902156,  -34268.13604191197,  11287.62699272021,  -22980.509049191758,  301.9738403329008,  156
36000000,  17999.99999755873,  -34436.81123375343,  11354.728158572727,  -23082.083075180708,  302.9243256402375,  156
36200000,  18099.999997215305,  -34568.37545416053,  11160.982183759736,  -23407.393270400797,  299.28203556720206,  156
36400000,  18199.99999687188,  -34609.2791374218,  11144.778635262592,  -23464.500502159208,  297.69563646734235,  156
36600000,  18299.999996528455,  -34451.011380116644,  11024.352384170552,  -23426.65899594609,  294.69730918195495,  156
36800000,  18399.99999618503,  -34313.006559765614,  11315.585304258355,  -22997.42125550726,  302.9807689839131,  156
37000000,  18499.999995841605,  -34347.995975795064,  11152.437525398283,  -23195.55845039678,  297.73067024503797,  156
37200000,  18599.99999549818,  -33982.69131646458,  11116.306924014996,  -22866.384392449585,  297.0741183611214,  156
37400000,  18699.999995154754,  -34025.07929009242,  11153.990019452518,  -22871.089270639903,  297.8685452544484,  156
37600000,  18799.99999481133,  -34531.47108515275,  11319.688279625116,  -23211.782805527633,  302.9212410123472,  156
37800000,  18899.999994467904,  -34517.629487303886,  10985.41535321795,  -23532.214134085938,  293.6280751146566,  156
38000000,  18999.99999412448,  -34547.1550935614,  11093.752437609955,  -23453.402655951446,  296.56781150376145,  156
38200000,  19099.999993781053,  -34472.34822595946,  10832.17787837745,  -23640.17034758201,  290.37501643918915,  156
38400000,  19199.99999343763,  -34727.45674886233,  11045.397445893004,  -23682.059302969326,  296.1064694388513,  156
38600000,  19299.999993094203,  -34220.29527811272,  11161.433749673226,  -23058.86152843949,  298.3579886391576,  156
38800000,  19399.999992750778,  -34239.581157530156,  10819.62307738702,  -23419.958080143137,  289.5676661632318,  156
39000000,  19499.999992407353,  -34478.740058513446,  11057.117263495014,  -23421.622795018433,  296.15475480680914,  156
39200000,  19599.999992063927,  -34668.29841323478,  11222.518494124857,  -23445.77991910992,  300.80034300168114,  156
39400000,  19699.999991720502,  -34487.22763146441,  10960.139954184866,  -23527.087677279545,  293.23360589897015,  156
39600000,  19799.999991377077,  -34516.070941592996,  11332.824788198548,  -23183.246153394448,  303.69207547697414,  156
39800000,  19899.999991033652,  -34862.011614174226,  11123.14274890832,  -23738.868865265904,  297.6995556218536,  156
40000000,  19999.999990690227,  -34693.540280432724,  10466.207298621928,  -24227.332981810796,  280.0138755341811,  156
