#"Time (ps)","Potential Energy (kJ/mole)","Kinetic Energy (kJ/mole)","Total Energy (kJ/mole)","Temperature (K)","Speed (ns/day)"
10.00000000000073,-37818.33019672019,11149.97922963941,-26668.350967080783,297.15316969443745,0
19.99999999999874,-38283.251838173834,11056.381624259817,-27226.870213914015,295.44643386630287,23.2
29.999999999975433,-38195.2657715794,10993.385583241625,-27201.880188337775,293.679423204261,23.2
40.00000000000897,-37713.493778278375,11383.11420954636,-26330.379568732016,304.12594050002497,23.2
50.000000000056716,-37997.04626226406,11257.6612282384,-26739.38503402566,300.05962678257885,23.2
60.000000000104464,-38379.45161517735,10893.679643692429,-27485.771971484923,291.0180527911096,23.2
70.00000000015221,-38123.588786374276,10933.199763365168,-27190.389023009106,292.1559807892941,23.2
80.00000000019996,-38043.71681922162,10974.565427826677,-27069.151391394942,293.81686707332136,23.2
90.00000000024771,-38214.91136663021,10909.743396647978,-27305.167969982227,291.5734812111694,23.2
100.00000000029546,-38204.86098466759,11423.569778713092,-26781.291205954498,304.8368092068251,23.2
110.0000000003432,-38136.292975339835,11136.233666360675,-27000.05930897916,297.6900703725635,23.2
120.00000000039095,-38052.56935551147,11330.626126462725,-26721.943229048746,302.77569868475877,23.2
130.00000000038185,-38275.05921460094,11299.512745601387,-26975.54646899955,301.5196779326136,23.2
140.00000000014538,-38124.20629185092,11326.19625861163,-26798.01003323929,302.9466978281474,23.2
149.9999999999089,-38329.19025498575,10980.477409030298,-27348.71284595545,293.0012634336217,23.2
159.99999999967244,-37475.75587405689,11067.670406049236,-26408.08546800766,295.44409426642574,23.2
169.99999999943597,-38196.377451079636,10926.527887469767,-27269.849563609867,291.5035640117625,23.2
179.9999999991995,-38485.66098315365,10980.398755114395,-27505.262228039253,293.4215801726001,23.2
189.99999999896303,-38479.00520152478,11098.607089945961,-27380.39811157882,296.3918441113974,23.2
199.99999999872657,-38125.676005638394,11337.454732185164,-26788.22127345323,302.58368971093336,23.2
209.9999999984901,-38000.56560742825,11117.59762627193,-26882.967981156322,297.4362488419069,23.2
219.99999999825363,-37833.401986071105,10921.079395234576,-26912.322590836528,292.33081904637646,23.2
229.99999999801716,-37602.43476142655,11392.861686634345,-26209.573074792206,304.7032833432699,23.2
239.9999999977807,-38386.19923365967,11000.998917350595,-27385.20031630907,294.3995291083056,23.2
249.99999999754422,-37930.43027729153,10786.279450946335,-27144.150826345198,287.81513845916317,23.2
259.9999999973078,-38173.035096991785,10933.661453571394,-27239.37364342039,292.0594929346708,23.2
269.9999999970713,-38394.18364389933,11137.294427628252,-27256.889216271076,297.2524662268325,23.2
279.99999999683484,-38082.65155980669,11154.429015096728,-26928.222544709963,297.6990141102919,23.2
289.9999999965984,-38236.735826607444,11222.55148495879,-27014.18434164865,299.4441109530012,23.2
299.9999999963619,-38301.53852308264,11012.68423277143,-27288.854290311214,293.17699819151727,23.2
309.99999999612544,-38328.946417047366,11194.604229098715,-27134.34218794865,299.36975674899924,23.3
319.99999999588897,-38298.15443531101,11224.529305654494,-27073.625129656513,299.4664652947178,23.3
329.9999999956525,-38062.53414186475,10900.512500654477,-27162.021641210275,291.03648688337233,23.3
339.99999999541603,-37685.87695479091,11289.37327367644,-26396.50368111447,301.70903302091403,23.3
349.99999999517956,-38047.296233677895,11072.022133342489,-26975.274100335406,296.2560322999333,23.3
359.9999999949431,-38102.643597149625,11047.95761325995,-27054.685983889674,295.6732748329299,23.3
369.9999999947066,-38124.70290588027,10751.599027558053,-27373.103878322217,288.1020678433495,23.3
379.99999999447016,-38178.51605677592,11297.498268859988,-26881.017787915935,301.8786405849713,23.3
389.9999999942337,-38371.4319152515,11064.820576332304,-27306.611338919196,295.47757678443213,23.3
399.9999999939972,-38124.43943317531,11021.21062556383,-27103.22880761148,294.1690524867293,23.3
409.99999999376075,-38536.717929445935,10678.369619520396,-27858.34830992554,284.6866802393596,23.3
419.9999999935243,-37966.943764979034,11419.299720308285,-26547.64404467075,305.3519740381416,23.3
429.9999999932878,-38222.57382516158,11155.564835061035,-27067.00899010054,298.0919730434673,23.3
439.99999999305135,-37831.58429253346,11171.522575348034,-26660.061717185425,298.38381186614885,23.3
449.9999999928149,-38152.31144354287,11064.332754769093,-27087.97868877378,296.54301361940844,23.3
459.9999999925784,-38167.59776001587,10852.041428994484,-27315.55633102139,289.4012825687146,23.3
469.99999999234194,-38412.89704991201,11104.87536669976,-27308.021683212253,295.73309634658307,23.3
479.9999999921055,-37912.41586672243,11174.259627331045,-26738.15623939139,298.82535791210853,23.3
489.999999991869,-38254.18782239451,11085.963759983013,-27168.224062411497,296.0275437745541,23.3
499.99999999163254,-37951.44329087938,11066.95454464321,-26884.488746236173,295.6390751370857,23.3
509.99999999139607,-38313.17878939645,10992.177307997483,-27321.00148139897,293.22851799977894,23.3
519.9999999911596,-37857.70957618891,11187.100573287193,-26670.609002901714,298.6928091923499,23.2
529.9999999909231,-38391.506022313515,10926.155059147837,-27465.350963165678,292.0986302581196,23.2
539.9999999906867,-37958.59000500663,11277.025274533657,-26681.564730472972,299.58772254068896,23.2
549.9999999904502,-38231.48428007675,11037.97032009384,-27193.513959982913,295.3816184768605,23.2
559.9999999902137,-38089.9327136751,11213.818734062104,-26876.113979612997,299.1647908283513,23.2
569.9999999899773,-38189.46273112155,11189.788210131734,-26999.674520989818,299.62612783997747,23.2
579.9999999897408,-38152.85237505322,11161.891051603025,-26990.961323450196,299.02304557893075,23.2
589.9999999895043,-37950.098128481826,11199.080507204048,-26751.01762127778,298.495389451391,23.2
599.9999999892678,-38295.537859026386,10922.553051199291,-27372.984807827095,291.55054377830305,23.2
609.9999999890314,-37954.394126226194,11415.698265659354,-26538.69586056684,305.48839739297665,23.2
619.9999999887949,-38127.090601378564,10818.286120037543,-27308.804481341023,288.212735089653,23.2
629.9999999885584,-38126.02876538894,10987.18572972813,-27138.843035660808,293.1852460349099,23.2
639.999999988322,-38341.26243136477,11037.667659464507,-27303.59477190026,294.6442168736317,23.2
649.9999999880855,-37821.394226130906,11359.926203295421,-26461.468022835485,303.0057950284536,23.2
659.999999987849,-38394.309798200244,10826.033789321405,-27568.27600887884,289.76283196246,23.2
669.9999999876126,-38328.82662401825,10944.408846986831,-27384.41777703142,291.66861358308086,23.2
679.9999999873761,-38414.29347734158,11165.153583016834,-27249.13989432474,298.3764210581601,23.2
689.9999999871396,-38277.3576911714,10921.990049706332,-27355.367641465065,292.1977748761235,23.2
699.9999999869032,-37855.999463609034,10961.390122926367,-26894.60934068267,292.1092566094967,23.2
709.9999999866667,-37940.08036054229,11181.782287581056,-26758.298072961235,299.1237184679877,23.2
719.9999999864302,-38209.23386034206,11102.42641605905,-27106.807444283007,296.39921335927266,23.2
729.9999999861938,-38225.36919052425,11410.218018668496,-26815.151171855756,304.84926973125744,23.2
739.9999999859573,-37944.50874935812,11331.110135739427,-26613.398613618694,302.60450072112417,23.2
749.9999999857208,-38179.56788575432,11343.341740254504,-26836.226145499815,302.68201849522916,23.2
759.9999999854844,-38297.60911272003,10840.250334523475,-27457.358778196554,289.0566308268052,23.2
769.9999999852479,-37650.869902770704,11102.636423848417,-26548.233478922288,296.6502643101627,23.2
779.9999999850114,-38077.615695790715,11220.203021013464,-26857.412674777253,300.47837476783036,23.2
789.999999984775,-38506.75589448278,11168.310367954746,-27338.445526528038,298.58481814633035,23.2
799.9999999845385,-38113.60509261885,11259.029367916659,-26854.57572470219,300.6356373158167,23.2
809.999999984302,-38668.7729992438,11153.826931697286,-27514.946067546516,297.9166142317174,23.2
819.9999999840655,-38123.58526567275,11499.843039069689,-26623.742226603063,306.9685338024929,23.2
829.9999999838291,-38110.45081799238,11368.49465419773,-26741.95616379465,303.2294431873622,23.2
839.9999999835926,-37897.295954797664,11086.636267666767,-26810.659687130898,296.9093870703761,23.2
849.9999999833561,-38065.269106580345,10944.64010263765,-27120.629003942697,292.383213226579,23.2
859.9999999831197,-38123.10122913408,10707.376192493179,-27415.725036640903,286.14839187415606,23.2
869.9999999828832,-38267.97626542782,11059.840095840642,-27208.136169587175,295.5274107672788,23.2
879.9999999826467,-38588.41878517645,11356.092330849642,-27232.32645432681,303.32213570522936,23.2
889.9999999824103,-38096.843484234574,11223.63863601075,-26873.204848223824,299.7234520632109,23.2
899.9999999821738,-38208.60397054173,11133.910849336697,-27074.693121205033,298.0212220531543,23.2
909.9999999819373,-38218.16755573065,11354.218393019142,-26863.94916271151,303.2196218753631,23.2
919.9999999817009,-38048.49170896128,11193.74672110433,-26854.74498785695,298.22217847984575,23.2
929.9999999814644,-37966.795308779394,10817.395378205209,-27149.399930574185,289.26536296068895,23.2
939.9999999812279,-38484.46049453887,11171.51281927904,-27312.94767525983,297.91050987090017,23.2
949.9999999809914,-38043.91353868328,10938.501677073182,-27105.411861610097,291.79621976694597,23.2
959.999999980755,-37677.12424124216,11182.031768779605,-26495.09247246256,297.9522418233743,23.2
969.9999999805185,-37970.40840996361,11234.96913031636,-26735.43927964725,299.9802436983153,23.2
979.999999980282,-38218.56016559961,11350.093505679299,-26868.46665992031,303.79526394876734,23.2
989.9999999800456,-38045.85208832839,10857.414339947956,-27188.437748380435,290.2223159798233,23.2
999.9999999798091,-38153.882293857976,11282.96151870906,-26870.920775148916,301.086957583959,23.2
1009.9999999795726,-37991.21217020236,11094.27582835567,-26896.93634184669,295.95499813510526,23.2
1019.9999999793362,-38151.92587428609,11069.949584622487,-27081.976289663602,295.28378098499,23.2
1029.9999999804638,-37599.38259353822,11017.876198506465,-26581.506395031756,294.10130129187155,23.2
1039.999999982501,-38067.27865540606,11226.702355290925,-26840.576300115135,299.2127706887354,23.2
1049.9999999845384,-38511.470723288265,11159.729268628771,-27351.741454659496,297.40350365806995,23.2
1059.9999999865756,-37866.474050158955,11030.6328906693,-26835.841159489653,294.3476029885353,23.2
1069.999999988613,-38105.29679698031,11204.755887865575,-26900.54090911473,300.4397787678352,23.3
1079.9999999906502,-38103.871150929575,11017.056110550573,-27086.815040379002,293.6858301842379,23.3
1089.9999999926874,-37960.615800186526,11043.933634790776,-26916.682165395752,295.03491540992735,23.3
1099.9999999947247,-38166.48244231025,11002.047894094523,-27164.434548215722,294.6020684929778,23.3
1109.999999996762,-38206.75778687381,11235.615191463401,-26971.142595410405,300.07508750431526,23.3
1119.9999999987992,-38378.73790326522,11195.679019685653,-27183.058883579564,298.75658241828063,23.3
1130.0000000008365,-38265.23564806336,11050.78368973347,-27214.45195832989,295.4825298065488,23.3
1140.0000000028738,-37952.566991198895,10983.154024302232,-26969.412966896663,293.58965812600917,23.3
1150.000000004911,-38245.1592075588,11187.828697059284,-27057.330510499516,298.9289381657601,23.3
1160.0000000069483,-38227.934671162206,11178.887874317486,-27049.04679684472,297.56948946352577,23.3
1170.0000000089856,-38198.349660839325,11180.513566378293,-27017.836094461032,298.5403868593021,23.3
1180.0000000110228,-38160.85975854241,11288.945042755928,-26871.91471578648,301.8103803476122,23.3
1190.0000000130601,-38022.52283173436,11334.813982536778,-26687.70884919758,302.1168743514834,23.3
1200.0000000150974,-38318.10016575288,11207.734948301562,-27110.36521745132,298.7915733567152,23.3
1210.0000000171347,-38019.463350950384,11083.274814370874,-26936.18853657951,295.19260457502224,23.3
1220.000000019172,-37585.18310198583,10755.961431965206,-26829.221670020623,289.1878888073754,23.3
1230.0000000212092,-37918.95658823802,11096.84611256553,-26822.11047567249,297.1332288503782,23.3
1240.0000000232465,-37776.50764126888,11132.692160954359,-26643.815480314523,297.1757839579678,23.3
1250.0000000252837,-37948.568787786455,10831.721518234,-27116.847269552454,288.8117371847526,23.3
1260.000000027321,-38382.01415448846,11424.857307823411,-26957.15684666505,304.92352982919107,23.3
1270.0000000293583,-38173.617463019036,11454.916671448638,-26718.700791570398,305.62493430993055,23.3
1280.0000000313955,-37993.58969253348,11147.485044519635,-26846.104648013847,297.70684950149683,23.3
1290.0000000334328,-38079.28956042315,10776.095664876579,-27303.193895546574,287.74283555247683,23.3
1300.00000003547,-38052.23529393665,10998.926360082913,-27053.308933853732,293.9122147120707,23.3
1310.0000000375073,-38044.94844149145,11283.59526147549,-26761.353180015958,302.0389136279658,23.3
1320.0000000395446,-38153.04088573384,11082.454679667684,-27070.586206066157,296.51664934866614,23.3
1330.0000000415819,-38341.25105338226,11145.70266358532,-27195.54838979694,296.4704420839013,23.3
1340.0000000436191,-37971.8440418914,11188.152685421339,-26783.691356470066,299.0631542386972,23.3
1350.0000000456564,-37763.23710963748,10944.610658428574,-26818.626451208904,291.46592728652627,23.3
1360.0000000476937,-38346.357408308664,11131.939962250784,-27214.41744605788,296.90982345581114,23.3
1370.000000049731,-38173.02505249749,11053.5356662988,-27119.489386198693,294.8673227266302,23.3
1380.0000000517682,-38209.0392030411,11393.974208193331,-26815.064994847773,304.27315418555554,23.3
1390.0000000538055,-37756.94939596087,11081.238529713504,-26675.71086624737,296.32836030925125,23.3
1400.0000000558427,-38432.286126889296,11186.046662457891,-27246.239464431404,298.9254311232205,23.3
1410.00000005788,-38351.4696212833,11217.549017710498,-27133.920603572802,299.59392553217714,23.3
1420.0000000599173,-37869.444907474186,10888.864211160793,-26980.580696313395,291.53325093939395,23.3
1430.0000000619546,-37918.39182751647,11046.321767356481,-26872.07006015999,295.5690145698198,23.3
1440.0000000639918,-38174.10471365517,11430.842093474266,-26743.262620180903,305.18845687708165,23.3
1450.000000066029,-38240.10536634219,11195.864111387871,-27044.241254954322,300.0806638789815,23.3
1460.0000000680664,-38182.29782639471,10993.169980590521,-27189.127845804185,293.5171479813322,23.3
1470.0000000701036,-38335.67873067632,10853.217200817768,-27482.461529858556,289.80804868344165,23.3
1480.000000072141,-37978.53916165716,11179.638241411758,-26798.9009202454,298.7773186767284,23.3
1490.0000000741782,-38113.92995906221,10736.551157950733,-27377.378801111478,286.20150936340974,23.3
1500.0000000762154,-38091.67902326781,11137.115638550047,-26954.563384717763,297.0214934693842,23.3
1510.0000000782527,-38115.31667931475,10996.602960762484,-27118.713718552262,293.5253092868506,23.3
1520.00000008029,-38208.94108813577,11324.67475230012,-26884.26633583565,302.4290888426913,23.3
1530.0000000823272,-37802.23828423921,11276.72496389917,-26525.51332034004,300.9634120002019,23.3
1540.0000000843645,-38187.07444445043,11211.216778639337,-26975.857665811094,300.33279906391584,23.3
1550.0000000864018,-38491.04892884161,11127.081391367503,-27363.967537474105,297.12723440268456,23.3
1560.000000088439,-37469.35645187989,10994.880425716536,-26474.476026163353,294.18791408363666,23.3
1570.0000000904763,-38134.24697645657,11101.95301065622,-27032.29396580035,296.769787908895,23.3
1580.0000000925136,-38206.85597159867,11107.588421263725,-27099.267550334946,297.810469801827,23.3
1590.0000000945508,-38408.29178102153,11047.709833561259,-27360.58194746027,294.9094312551435,23.3
1600.000000096588,-38278.88561650981,11256.614215790265,-27022.271400719546,300.3114524380141,23.3
1610.0000000986254,-38093.31440089916,11060.599322033742,-27032.715078865418,295.36185823322757,23.3
1620.0000001006626,-37816.320191480096,11196.663438881249,-26619.656752598847,299.07157007657827,23.3
1630.0000001027,-38135.65833976289,11121.422071367131,-27014.23626839576,296.93795387984045,23.3
1640.0000001047372,-38039.155789659984,11032.015704688081,-27007.140084971903,295.38209612006204,23.3
1650.0000001067745,-38508.55572354031,10693.302157736423,-27815.253565803887,284.39613446501187,23.3
1660.0000001088117,-38052.2191165728,10917.57603002759,-27134.64308654521,291.8782709373714,23.3
1670.000000110849,-38209.50088087939,10862.76726761457,-27346.733613264816,289.51958573835077,23.3
1680.0000001128863,-38357.60432511555,11156.819795278023,-27200.784529837525,298.7910267587315,23.3
1690.0000001149235,-38252.94297890121,11100.2278780463,-27152.715100854904,297.1617975475644,23.3
1700.0000001169608,-38191.39762032295,11106.898616904966,-27084.49900341798,295.83728913656614,23.3
1710.000000118998,-38231.79523349583,11089.16368080436,-27142.63155269147,296.5647741190286,23.3
1720.0000001210353,-38027.61088502241,10981.342456377115,-27046.268428645297,293.4905495579778,23.3
1730.0000001230726,-38565.15223106301,11154.560224955709,-27410.5920061073,298.32848403480574,23.3
1740.0000001251099,-38466.71955068641,11511.698364583055,-26955.021186103353,307.35892317454596,23.3
1750.0000001271471,-38515.637816403134,11293.754683080131,-27221.883133323005,301.00571716416783,23.3
1760.0000001291844,-38276.7592985386,11383.969404810901,-26892.7898937277,303.6870219193051,23.3
1770.0000001312217,-38438.88244382615,11232.798697925778,-27206.083745900374,299.8985061501414,23.3
1780.000000133259,-38742.64572457441,11235.107088763396,-27507.53863581101,298.86034852604837,23.3
1790.0000001352962,-38723.068864329754,11257.573699833143,-27465.495164496613,300.4743288819278,23.3
1800.0000001373335,-38665.294551664505,11300.388865046918,-27364.90568661759,301.70328237635965,23.3
1810.0000001393707,-38196.66151362316,11102.195550449193,-27094.46596317397,297.1560480703508,23.3
1820.000000141408,-38360.59288756885,11001.009356804816,-27359.58353076403,293.4798566846518,23.3
1830.0000001434453,-37766.97571611539,11223.116791334978,-26543.858924780412,299.58746147662924,23.3
1840.0000001454825,-37850.36936628306,10921.970593492357,-26928.398772790708,292.5533391579922,23.3
1850.0000001475198,-38317.883263610405,11262.00641647566,-27055.876847134743,299.5475418481836,23.3
1860.000000149557,-38132.66534901515,11267.941161968101,-26864.72418704705,300.57863312320205,23.3
1870.0000001515943,-38327.23349183963,10936.408815490253,-27390.824676349377,292.961546556631,23.3
1880.0000001536316,-38663.66213262963,10902.312788978712,-27761.349343650916,290.81080867730276,23.3
1890.0000001556689,-38592.14971749565,11026.563966377296,-27565.585751118357,294.52000222615976,23.3
1900.0000001577062,-38365.59686386755,11000.85991037512,-27364.73695349243,294.0663489865758,23.3
1910.0000001597434,-38568.18602657846,11194.833797140685,-27373.352229437776,298.9135173652426,23.3
1920.0000001617807,-38251.11544164745,11273.598871296492,-26977.516570350963,300.05208479064464,23.3
1930.000000163818,-38044.191748325014,10856.843641816127,-27187.348106508885,289.75913798118427,23.3
1940.0000001658552,-38466.713139049316,11605.512225598703,-26861.200913450615,309.39966536786187,23.3
1950.0000001678925,-38239.931014464404,11066.239847595982,-27173.691166868422,295.0684289175478,23.3
1960.0000001699298,-38230.45072168281,10988.871063575556,-27241.579658107257,293.51929717769667,23.3
1970.000000171967,-38252.69268689583,11106.885670590906,-27145.807016304927,296.5990479039506,23.3
1980.0000001740043,-38105.82079021474,10934.827669272932,-27170.993120941806,291.76585178427064,23.3
1990.0000001760416,-38287.981792560735,11374.573054507286,-26913.408738053447,304.1776745106384,23.3
2000.0000001780788,-38372.661815050364,10963.047614335666,-27409.6142007147,291.9664089349479,23.3
2010.000000180116,-38007.15401294873,11159.018858518448,-26848.135154430285,298.3233630146656,23.3
2020.0000001821534,-38840.98648874528,10971.148721431413,-27869.837767313868,292.6126178206475,23.3
2030.0000001841906,-38335.23944751285,11140.465773319225,-27194.773674193628,297.7383857415936,23.3
2040.000000186228,-38170.163090179405,11025.549840153324,-27144.61325002608,294.70979939771644,23.3
2050.000000188265,-37810.94478296472,11306.40284172758,-26504.541941237138,301.84902936864745,23.3
2060.000000190302,-37856.309740528435,11264.8696513298,-26591.440089198637,301.5572616385306,23.3
2070.0000001923395,-38610.70644753601,11010.805675429241,-27599.90077210677,294.34716985861087,23.3
2080.0000001943768,-38249.8591138163,11098.957850196352,-27150.90126361995,295.6794110893932,23.3
2090.000000196414,-38263.67138590825,11139.351302551822,-27124.32008335643,297.40030648816406,23.3
2100.0000001984513,-38387.055563023554,11163.070339181544,-27223.98522384201,298.31803862860147,23.3
2110.0000002004886,-38504.158523670914,11173.31777577557,-27330.840747895345,298.70671216039983,23.3
2120.000000202526,-38639.15806881279,11137.319512800672,-27501.838556012117,296.89211543140834,23.3
2130.000000204563,-38079.222812209555,10690.189990608484,-27389.03282160107,285.70071000980874,23.3
2140.0000002066004,-38132.17760713583,11303.418057804663,-26828.759549331167,301.94744960795686,23.3
2150.0000002086376,-38171.6866670601,10996.86144741534,-27174.82521964476,293.97535628833947,23.3
2160.000000210675,-38059.237723105325,10868.157308403102,-27191.08041470222,290.6556747744603,23.3
2170.000000212712,-38267.234918400274,11110.142161735981,-27157.092756664293,297.5794128125806,23.3
2180.0000002147494,-38260.807071959905,11391.608687686668,-26869.198384273237,305.2313925515633,23.3
2190.0000002167867,-38737.83218669598,10710.894216316887,-28026.937970379095,286.2365567130468,23.3
2200.000000218824,-38177.43337301958,11000.67846026822,-27176.75491275136,293.5327568756947,23.3
2210.0000002208612,-38200.72682930516,10942.47877878636,-27258.2480505188,292.54116913190114,23.3
2220.0000002228985,-37917.26490370256,10948.079350587253,-26969.18555311531,292.11087200792025,23.3
2230.000000224936,-38336.291633839915,11092.107955354226,-27244.18367848569,296.1562446018387,23.3
2240.000000226973,-38430.1246744117,11265.438492857684,-27164.686181554018,300.9964286963482,23.3
2250.0000002290103,-38461.2589948983,11278.594203764706,-27182.664791133597,301.58344941283127,23.3
2260.0000002310476,-38428.575381411385,11608.625938234989,-26819.949443176396,310.42202324939666,23.3
2270.000000233085,-38041.59862370175,11316.065903705561,-26725.53271999619,302.5397276023423,23.3
2280.000000235122,-38234.83717494488,11156.824088994994,-27078.013085949882,297.19265316579623,23.3
2290.0000002371594,-38338.87564073291,11031.64060345102,-27307.23503728189,294.4968150850861,23.3
2300.0000002391967,-38084.76054477262,11485.15080554752,-26599.609739225096,306.3454453713394,23.3
2310.000000241234,-37685.35260314628,11288.703176295288,-26396.649426850992,301.96813545070864,23.3
2320.000000243271,-38183.10311565264,11315.111033239426,-26867.992082413213,301.2268111313845,23.3
2330.0000002453085,-37757.248555904735,11166.966647930949,-26590.281907973786,298.95604994639905,23.3
2340.0000002473457,-38414.09607832262,11408.027297593235,-27006.068780729383,304.7152720869377,23.3
2350.000000249383,-38329.01790379965,11142.161202257008,-27186.85670154264,297.3898237226137,23.3
2360.0000002514203,-38373.74526160098,11058.127497238964,-27315.617764362018,295.0722804394598,23.3
2370.0000002534575,-38385.70862219071,11158.212596272908,-27227.4960259178,297.78418875544077,23.3
2380.000000255495,-38480.717825526925,11362.646887453153,-27118.07093807377,303.9760632954881,23.3
2390.000000257532,-38223.14764584031,11102.01372562114,-27121.133920219174,296.3289284130756,23.3
2400.0000002595693,-38184.68893090433,11238.160692510952,-26946.52823839338,299.5102870039576,23.3
2410.0000002616066,-38113.78358117924,11168.624664034374,-26945.158917144865,298.25305246172724,23.3
2420.000000263644,-38112.008249394334,11366.409237902824,-26745.59901149151,303.8384954517155,23.3
2430.000000265681,-37347.72839946846,11278.562762654932,-26069.16563681353,301.8279292369579,23.3
2440.0000002677184,-38577.57389620019,10917.840748207926,-27659.733147992265,291.6956720397293,23.3
2450.0000002697557,-38405.89986299539,11205.669114661721,-27200.23074833367,299.802375055315,23.3
2460.000000271793,-38483.27481900969,11003.568684363983,-27479.706134645705,294.82040733666963,23.3
2470.00000027383,-38412.832905069845,11081.740662769662,-27331.092242300183,296.061549395496,23.3
2480.0000002758675,-38343.79921488126,11367.903121967078,-26975.896092914183,303.14639544094103,23.3
2490.0000002779047,-38209.822244199546,11213.731522945474,-26996.09072125407,299.2802643888887,23.3
2500.000000279942,-38298.156824498525,11106.789540696456,-27191.36728380207,295.80039941577036,23.3
2510.0000002819793,-38594.17805710893,10881.95819519238,-27712.219861916554,291.14387994318196,23.3
2520.0000002840166,-38258.11854310816,11139.423202793685,-27118.695340314476,297.26726856728504,23.3
2530.000000286054,-38192.410787386994,11297.785952438617,-26894.62483494838,301.78880070065475,23.3
2540.000000288091,-38403.60868514626,11198.191562314336,-27205.417122831925,299.5129100165341,23.3
2550.0000002901284,-38699.28645136116,11101.595666378447,-27597.69078498271,297.73914643767995,23.3
2560.0000002921656,-38138.52057598735,11301.430345455481,-26837.090230531867,302.0979941459143,23.3
2570.000000294203,-38150.23923257588,10949.138803653184,-27201.10042892269,293.30563697182424,23.3
2580.00000029624,-38258.013644803155,10968.170922993146,-27289.84272181001,292.9575646685053,23.3
2590.0000002982774,-38587.84663894806,10919.23222519431,-27668.61441375375,291.9514103747519,23.3
2600.0000003003147,-38510.30764142018,11099.98159072495,-27410.32605069523,296.7022147639944,23.3
2610.000000302352,-38517.90615775845,11338.804179728195,-27179.101978030256,303.22013059474733,23.3
2620.0000003043892,-38391.568270206524,11024.458933583175,-27367.109336623347,294.3413298420497,23.3
2630.0000003064265,-37991.08132352535,10952.1836472311,-27038.89767629425,292.44427597947254,23.3
2640.0000003084638,-38451.36072169554,11152.627834298546,-27298.732887396996,297.98963671210583,23.3
2650.000000310501,-38088.26089144812,11103.585931912996,-26984.67495953512,296.8801248746166,23.3
2660.0000003125383,-38076.577952942775,10889.88411258942,-27186.693840353357,291.0695508660512,23.3
2670.0000003145756,-38117.64821079385,11225.403153157593,-26892.245057636257,299.04629355312994,23.3
2680.000000316613,-38039.355527230895,11149.632478150292,-26889.723049080603,297.84140586570896,23.3
2690.00000031865,-38626.585424955076,11122.002805914914,-27504.582619040164,296.8990515575581,23.3
2700.0000003206874,-38015.17642834224,10860.623443532382,-27154.552984809856,289.39077065665265,23.3
2710.0000003227246,-38142.55423996056,11107.708605109032,-27034.845634851532,296.3101899222524,23.3
2720.000000324762,-38380.24795615412,10994.717703954771,-27385.530252199347,293.2707837063847,23.3
2730.000000326799,-38201.164804937245,11020.458376995533,-27180.70642794171,292.3752638257109,23.3
2740.0000003288364,-38568.23116372952,11356.847010572412,-27211.38415315711,302.7347362735813,23.3
2750.0000003308737,-38372.650145116924,11176.985238443644,-27195.66490667328,299.2481045170101,23.3
2760.000000332911,-37891.67297157316,11259.737476044711,-26631.93549552845,300.3524997653772,23.3
2770.0000003349483,-38704.684177950425,11123.77195293148,-27580.912225018947,297.6542374961414,23.3
2780.0000003369855,-38105.874675369996,11010.857366941489,-27095.017308428505,293.34763775981725,23.3
2790.000000339023,-38736.01357504589,10894.34601858219,-27841.667556463697,290.5881774036525,23.3
2800.00000034106,-38814.38827590694,11257.201896557426,-27557.186379349514,300.7303153077755,23.3
2810.0000003430973,-38357.00041757723,11021.389974063006,-27335.61044351422,293.0806315576056,23.3
2820.0000003451346,-38370.427116902,11165.863059352432,-27204.564057549567,298.28887003786474,23.3
2830.000000347172,-38687.09045770528,10789.442563433578,-27897.6478942717,288.6931883563592,23.3
2840.000000349209,-38013.165202162454,11137.355878095179,-26875.809324067275,296.98263315437134,23.3
2850.0000003512464,-38199.25023411385,11414.078976560928,-26785.171257552924,305.6566256414733,23.3
2860.0000003532837,-38626.5006156398,11226.326989033623,-27400.173626606178,299.03101537221903,23.3
2870.000000355321,-38171.79054128788,11231.537916931888,-26940.252624355995,300.17617295173244,23.3
2880.000000357358,-37969.25950650575,11256.669251389956,-26712.590255115792,300.6532386553578,23.3
2890.0000003593955,-38368.637268862956,10922.006280153415,-27446.63098870954,291.3274734864455,23.3
2900.0000003614327,-38355.54368709279,11171.93619699427,-27183.60749009852,297.9279700301668,23.3
2910.00000036347,-38488.89746038166,11102.705226403,-27386.19223397866,296.33535595291477,23.3
2920.0000003655073,-38434.452594259434,11232.028748526349,-27202.423845733087,299.09532575213603,23.3
2930.0000003675445,-38185.272789762224,11088.833925812532,-27096.43886394969,295.902259398958,23.3
2940.000000369582,-38426.63160544282,10940.179218285208,-27486.45238715761,292.06115733911554,23.3
2950.000000371619,-38525.30900488607,10938.791353469906,-27586.517651416165,291.7570753937169,23.3
2960.0000003736563,-38384.68275726012,11270.459232962854,-27114.223524297264,300.81742611203555,23.3
2970.0000003756936,-38047.873184675445,11239.880265084843,-26807.9929195906,300.989632801963,23.3
2980.000000377731,-37882.39342658171,10899.788447194953,-26982.604979386757,291.43209321278573,23.3
2990.000000379768,-38188.98445469303,11454.753606843431,-26734.2308478496,306.42361182532994,23.3
3000.0000003818054,-37983.77742435705,11128.733491740613,-26855.04393261644,296.3228218866025,23.3
