#"Time (ps)","Potential Energy (kJ/mole)","Kinetic Energy (kJ/mole)","Total Energy (kJ/mole)","Temperature (K)","Speed (ns/day)"
10.00000000000073,-36039.82682677784,10989.181537961944,-25050.645288815896,293.95652715083895,0
19.99999999999874,-36466.89353303344,11042.827698883855,-25424.065834149587,295.2945277708318,14.9
29.999999999975433,-36905.5267815122,11223.431050529276,-25682.095730982925,299.7207001803479,14.9
40.00000000000897,-36770.44601328581,11053.493887872495,-25716.952125413314,294.124407904375,14.9
50.000000000056716,-36581.196308851104,11051.755100498674,-25529.44120835243,295.1296672206371,14.9
60.000000000104464,-36421.56929039831,11154.27876209451,-25267.290528303798,298.0882203979852,14.9
70.00000000015221,-36788.41411303157,11145.57539452568,-25642.83871850589,297.82277653089596,14.9
80.00000000019996,-36335.60623729145,11155.591901551066,-25180.014335740387,299.0612963572614,14.9
90.00000000024771,-36960.78185351345,11113.293970078503,-25847.487883434947,296.3090642091621,14.9
100.00000000029546,-36034.53670578294,11008.94598878092,-25025.590717002022,294.7398807479215,14.9
110.0000000003432,-36588.223714956584,11394.730764810023,-25193.49295014656,303.88339884490375,14.9
120.00000000039095,-36295.07867778135,10917.710673202539,-25377.36800457881,291.9909687770891,14.9
130.00000000038185,-36687.29399171563,10971.656499782763,-25715.63749193287,292.70618131928063,14.9
140.00000000014538,-36718.42317647263,11128.617780113269,-25589.80539635936,297.0956549165641,14.9
149.9999999999089,-36927.45336032117,10782.040894729369,-26145.4124655918,288.5379325118662,14.9
159.99999999967244,-36396.07968905847,10897.97658531491,-25498.10310374356,291.605000912504,14.9
169.99999999943597,-36489.00136765046,11043.783650642292,-25445.21771700817,295.40929069520917,14.9
179.9999999991995,-36498.82598866438,10900.702636022263,-25598.123352642117,290.40524712027275,14.9
189.99999999896303,-36611.50070214717,11240.03018836924,-25371.47051377793,299.41893826888906,14.9
199.99999999872657,-36955.822646416775,11303.766460815184,-25652.056185601592,301.821271038444,14.9
209.9999999984901,-36629.910116232364,11074.452819114646,-25555.45729711772,295.3476657493614,14.9
219.99999999825363,-36257.05980299753,11119.655849714765,-25137.403953282766,297.2359005399763,14.9
229.99999999801716,-36614.81584050741,11021.215424839736,-25593.60041566767,294.5900586269717,14.9
239.9999999977807,-36707.56175234756,11181.851896723212,-25525.709855624347,299.3160842205146,14.9
249.99999999754422,-36524.37569557708,11326.23145025297,-25198.14424532411,302.4850866982038,14.9
259.9999999973078,-36906.148955459365,10985.702095891835,-25920.446859567528,293.6848802281346,14.9
269.9999999970713,-36517.39065470563,11130.010449429046,-25387.380205276586,295.7966097661756,14.9
279.99999999683484,-36369.82683165991,10953.108951011376,-25416.71788064854,292.0252489682827,14.9
289.9999999965984,-36769.876677920394,11104.963751225707,-25664.912926694687,296.16592521041616,14.9
299.9999999963619,-36510.21653409079,10914.36669811841,-25595.849835972378,292.35520267462226,14.9
309.99999999612544,-36469.70317796978,11135.23303427923,-25334.47014369055,296.52306520920285,14.9
319.99999999588897,-36505.98673891908,11031.515752240122,-25474.470986678956,294.7797098185084,14.9
329.9999999956525,-36403.3025226706,10978.475508585449,-25424.827014085153,293.09775165565117,14.9
339.99999999541603,-36857.69695648954,11264.950254440615,-25592.746702048928,300.2274634334736,14.9
349.99999999517956,-36870.05816441437,11525.68370093878,-25344.374463475586,307.9224834105753,14.9
359.9999999949431,-36316.41013403218,11002.328371723517,-25314.081762308662,293.5105960533659,14.9
369.9999999947066,-36534.36529422385,11270.13784676639,-25264.22744745746,300.89115781624946,14.9
379.99999999447016,-36703.92809649771,10854.973319661935,-25848.954776835773,289.8390005596175,14.9
389.9999999942337,-36642.19309402017,11502.875301610791,-25139.31779240938,306.2477498548554,14.9
399.9999999939972,-36199.08598837586,11371.729938015113,-24827.356050360748,302.9032237021293,14.9
409.99999999376075,-36650.51926554235,11201.241830578456,-25449.277434963897,299.38291630912676,14.9
419.9999999935243,-36370.39968635503,11252.107291598597,-25118.29239475643,300.3375508240332,14.9
429.9999999932878,-36428.891787773646,11258.4208600457,-25170.470927727947,301.2082292421255,14.9
439.99999999305135,-36750.04575138029,11242.583085482562,-25507.46266589773,299.78382679208084,14.9
449.9999999928149,-36355.255922870165,11033.875261974988,-25321.380660895178,294.61028984407494,14.9
459.9999999925784,-36400.504338885126,10987.46583461436,-25413.038504270764,291.982700655059,14.9
469.99999999234194,-36686.12113948427,11086.545860719285,-25599.575278764984,296.59515639935455,14.9
479.9999999921055,-36405.85801236139,11196.049289677978,-25209.80872268341,298.8052782542428,14.9
489.999999991869,-36726.862160825964,11188.007221839607,-25538.854938986355,298.7044618348962,14.9
499.99999999163254,-36647.5290607918,10896.743722612482,-25750.785338179317,290.83447898419183,14.9
509.99999999139607,-36637.81872338738,11394.531263298737,-25243.287460088646,304.84882557116464,14.9
519.9999999911596,-36503.75688101478,11411.51691971231,-25092.239961302468,304.9317302482107,14.9
529.9999999909231,-36438.438603599076,10962.866604549534,-25475.57199904954,292.71955271054793,14.9
539.9999999906867,-36395.46036201164,11080.658356297039,-25314.8020057146,296.07000228264536,14.9
549.9999999904502,-36441.94829045405,10857.271048790242,-25584.677241663805,290.84904366053127,14.9
559.9999999902137,-36633.52750267331,11050.774894373306,-25582.7526083,295.19942838218736,14.9
569.9999999899773,-36466.13948099709,11251.877018489671,-25214.262462507417,299.86630964768165,14.9
579.9999999897408,-36801.69945921736,11203.015181073573,-25598.684278143784,299.10193648368556,14.9
589.9999999895043,-36523.01550336158,11093.921210489376,-25429.094292872207,296.0453753028295,14.9
599.9999999892678,-36085.73451042495,10904.253803169764,-25181.480707255185,291.7006641533482,14.9
609.9999999890314,-36174.60652618882,10990.774317073783,-25183.83220911504,293.5964667463524,14.9
619.9999999887949,-36705.847612069876,10986.766090247918,-25719.081521821958,294.1335502241987,14.9
629.9999999885584,-36949.17697436596,11158.633331292831,-25790.543643073128,297.57274137360105,14.9
639.999999988322,-36549.793511700824,11168.651283982419,-25381.142227718403,298.1630324837535,14.9
649.9999999880855,-36520.38002829396,11151.365940022495,-25369.01408827147,298.446652526301,14.9
659.999999987849,-36261.67691526368,11143.973185164785,-25117.703730098892,297.999339008176,14.9
669.9999999876126,-36326.25967781506,11504.706713593241,-24821.55296422182,306.96933226711684,14.9
679.9999999873761,-36416.54979763192,11277.794825140076,-25138.754972491843,302.473259644121,14.9
689.9999999871396,-36554.04759374445,10661.939639399103,-25892.107954345345,284.75525669325083,14.9
699.9999999869032,-36652.06105608935,11015.16260986021,-25636.898446229137,294.32054874798206,14.9
709.9999999866667,-36399.262371393925,10898.066681816887,-25501.195689577038,291.3744263888898,14.9
719.9999999864302,-36620.70544098223,11021.94598349806,-25598.75945748417,294.2240899858033,14.9
729.9999999861938,-36567.06970804387,11409.710218132754,-25157.359489911116,305.2937713790644,14.9
739.9999999859573,-36478.88058629138,10939.485781863987,-25539.394804427393,292.8826994287918,14.9
749.9999999857208,-37138.62891216226,11135.075032850547,-26003.553879311716,297.80345674465593,14.9
759.9999999854844,-36909.94053344692,11033.084222642046,-25876.856310804873,294.387772536562,14.9
769.9999999852479,-36475.51195295545,11028.118811471097,-25447.393141484354,295.46088911305634,14.9
779.9999999850114,-36671.267961817306,10999.227238876774,-25672.040722940532,294.36636100136104,14.9
789.999999984775,-36969.209670719116,11259.114794644292,-25710.09487607482,300.20664464170534,14.9
799.9999999845385,-36627.29884232732,11206.981569051472,-25420.317273275847,299.0513258730133,14.9
809.999999984302,-36520.9581241933,11167.4094998511,-25353.5486243422,298.4910641111081,14.9
819.9999999840655,-36564.56358501507,11096.690665217868,-25467.872919797206,296.7306343222336,14.9
829.9999999838291,-36660.36008251175,11107.70414755384,-25552.655934957904,296.80863496591206,14.9
839.9999999835926,-36370.84663116523,11286.015029424974,-25084.831601740254,301.0932751328614,14.9
849.9999999833561,-36367.41708266911,11086.746530579223,-25280.67055208989,295.9939293291953,14.9
859.9999999831197,-36632.50065596923,11052.073661993978,-25580.42699397525,295.2149535266123,14.9
869.9999999828832,-36245.10419793144,11227.711784717374,-25017.392413214067,298.95543966293394,14.9
879.9999999826467,-36283.27758919778,10946.718362524323,-25336.559226673457,291.8516897972013,14.9
889.9999999824103,-36566.132630644395,11020.196872668124,-25545.935757976273,294.543096189242,14.9
899.9999999821738,-36329.02266663696,10731.644980429908,-25597.377686207055,287.15365585386564,14.9
909.9999999819373,-36616.31720998101,11223.510497569761,-25392.80671241125,300.21631055871876,14.9
919.9999999817009,-36425.08976960528,10983.534900102664,-25441.554869502615,294.26941454101416,14.9
929.9999999814644,-36803.885886847675,11131.255780777901,-25672.630106069773,297.50700795459113,14.9
939.9999999812279,-36843.130725895055,10985.401785676746,-25857.72894021831,293.22990214342195,14.9
949.9999999809914,-36783.756112979165,11085.836338731127,-25697.91977424804,296.1476313646689,14.9
959.999999980755,-37169.19457050492,11167.171571583702,-26002.02299892122,298.4126713055767,14.9
969.9999999805185,-36277.018545276005,11083.21042252312,-25193.808122752886,295.7404824520925,14.9
979.999999980282,-36775.05953415122,11152.556428572912,-25622.50310557831,297.8101778163833,14.9
989.9999999800456,-36188.45610608116,11388.960962522006,-24799.495143559157,304.71378484369365,14.9
999.9999999798091,-36914.063214629954,10918.924432830192,-25995.13878179976,291.3162847076152,14.9
1009.9999999795726,-37019.14355384758,11259.23198790369,-25759.91156594389,300.87464331691785,14.9
1019.9999999793362,-36709.922659350974,11145.075973896191,-25564.84668545478,297.53781091175034,14.9
1029.9999999804638,-36522.40936608677,11070.451592171348,-25451.957773915427,296.02478042330097,14.9
1039.999999982501,-36609.975187521166,10816.811848786814,-25793.163338734354,288.187042514938,14.9
1049.9999999845384,-37201.398253254454,11400.323793363395,-25801.07445989106,304.20048688495456,14.9
1059.9999999865756,-36568.32922293853,11069.147370640165,-25499.181852298367,295.9182348250639,14.9
1069.999999988613,-36231.484122622416,11175.428660781894,-25056.055461840522,297.89505348211645,14.9
1079.9999999906502,-36593.47976063781,11255.489617994954,-25337.99014264286,299.9112746766861,14.9
1089.9999999926874,-36727.101889831945,11063.49633067706,-25663.605559154887,295.4859085421225,14.9
1099.9999999947247,-36769.15223934563,11007.286340686149,-25761.865898659482,293.67496097584575,14.9
1109.999999996762,-36922.06753129111,11213.039991079924,-25709.027540211187,299.8024797694019,14.9
1119.9999999987992,-37004.12449589123,11030.269695188224,-25973.854800703004,294.8567808509984,14.9
1130.0000000008365,-36696.628727478244,11314.601382372375,-25382.027345105867,302.60973470818755,14.9
1140.0000000028738,-36458.3192763138,10859.145665413083,-25599.173610900718,290.9567314123013,14.9
1150.000000004911,-36392.98404073514,11000.157463956288,-25392.826576778847,293.8431185725443,14.9
1160.0000000069483,-36817.63535205492,10953.048613359444,-25864.58673869547,292.4045260860989,14.9
1170.0000000089856,-36674.84083696331,11283.222641708157,-25391.618195255156,300.93838735003567,14.9
1180.0000000110228,-36862.75393544696,11026.354346887136,-25836.399588559827,294.43040351689456,14.9
1190.0000000130601,-36467.91264873584,11100.60657088219,-25367.306077853646,296.4282253090111,14.9
1200.0000000150974,-36201.65540737271,11398.672868679916,-24802.98253869279,304.99396783632545,14.9
1210.0000000171347,-36395.67745606043,10937.27219501341,-25458.405261047024,291.7654445471257,14.9
1220.000000019172,-36770.39619404047,10977.382275305557,-25793.013918734912,292.30159601234215,14.9
1230.0000000212092,-36175.247536331335,11325.665132475757,-24849.58240385558,302.14345660395264,14.9
1240.0000000232465,-36607.031459418475,10817.190139054335,-25789.84132036414,289.4387268034911,14.9
1250.0000000252837,-36941.19629954125,11337.548681068793,-25603.647618472452,303.41110138418696,14.9
1260.000000027321,-36717.19543574738,11267.103949346714,-25450.091486400666,301.5660545125,14.9
1270.0000000293583,-36152.403975641246,11070.50432499471,-25081.899650646534,296.0861093208804,14.9
1280.0000000313955,-36573.207685116715,11075.122529479127,-25498.085155637586,295.83366316644606,14.9
1290.0000000334328,-36575.97796689662,10848.005016264106,-25727.972950632517,290.20703556852817,14.9
1300.00000003547,-36564.35994709044,11161.218308025882,-25403.141639064554,298.74107670802596,14.9
1310.0000000375073,-36944.73023344726,10947.98758532124,-25996.742648126023,292.1180771658294,14.9
1320.0000000395446,-36707.62016483747,10923.48648177583,-25784.133683061642,291.9645644666077,14.9
1330.0000000415819,-36193.97884748276,11032.406408725643,-25161.572438757117,294.7713765055874,14.9
1340.0000000436191,-36601.39853610566,11309.279676233924,-25292.118859871738,301.30163877310923,14.9
1350.0000000456564,-36669.408861737225,11510.329251597326,-25159.0796101399,308.32357371680575,14.9
1360.0000000476937,-36244.20804568639,11288.439476582213,-24955.768569104177,302.4041037246336,14.9
1370.000000049731,-36601.464492287305,10959.239733454911,-25642.224758832395,291.8648050199233,14.9
1380.0000000517682,-36962.16204530075,11223.110911145492,-25739.051134155256,299.8241735137752,14.9
1390.0000000538055,-36578.43375571115,10950.265650193327,-25628.168105517823,293.00964928785777,14.9
1400.0000000558427,-37085.68785258972,11251.636866490018,-25834.0509860997,300.16206271507156,14.9
1410.00000005788,-36529.60202265058,11137.80255214314,-25391.799470507438,295.3930642528169,14.9
1420.0000000599173,-36351.52517341434,11206.456181596084,-25145.068991818254,299.75636425690317,14.9
1430.0000000619546,-36620.73034642611,11056.386322160786,-25564.344024265327,295.9598991608919,14.9
1440.0000000639918,-36564.428880866566,11352.954854300839,-25211.474026565727,303.74254842801935,14.9
1450.000000066029,-36980.599941430686,11046.433962590896,-25934.16597883979,294.5650859444446,14.9
1460.0000000680664,-36412.05810666612,11303.978978627318,-25108.0791280388,302.6092851750997,14.9
1470.0000000701036,-36156.59335025849,11123.616432058765,-25032.976918199725,297.2890429525063,14.9
1480.000000072141,-36660.57781738558,10999.385908174501,-25661.191909211077,292.47824251412317,14.9
1490.0000000741782,-36545.52365176026,11175.520034089013,-25370.003617671246,297.9455898377752,14.9
1500.0000000762154,-36259.92652515155,11126.55286422703,-25133.373660924524,297.3077306517883,14.9
1510.0000000782527,-36438.88372318432,11307.810089848363,-25131.07363333596,303.1313914962605,14.9
1520.00000008029,-36652.34003580454,10990.328162319083,-25662.011873485455,293.2692068658095,14.9
1530.0000000823272,-36614.64691926703,11209.447552943013,-25405.199366324014,299.5950491251167,14.9
1540.0000000843645,-36792.07917569898,11027.531779496838,-25764.547396202142,295.1270243690031,14.9
1550.0000000864018,-36645.22328652782,11271.092036468135,-25374.131250059683,301.36463982514715,14.9
1560.000000088439,-36460.814318089346,11135.024424656103,-25325.78989343324,297.24536779156114,14.9
1570.0000000904763,-36918.25978359244,11438.569473400661,-25479.690310191778,305.85204030063375,14.9
1580.0000000925136,-35996.84581589201,11133.105860030802,-24863.73995586121,297.7457796041834,14.9
1590.0000000945508,-36043.165486109276,11295.926632594887,-24747.23885351439,301.832503869293,14.9
1600.000000096588,-36517.41373277969,11182.071744068111,-25335.34198871158,298.61718190575095,14.9
1610.0000000986254,-36166.100288319256,11064.347062802382,-25101.753225516873,296.192052450749,14.9
1620.0000001006626,-36378.24450705707,10672.682622091874,-25705.561884965195,285.9745285296301,14.9
1630.0000001027,-36075.8232296389,10967.971961582873,-25107.85126805603,292.72591830326496,14.9
1640.0000001047372,-36428.373668274755,11133.565541781476,-25294.808126493277,297.8214552608607,14.9
1650.0000001067745,-36513.76117396331,10993.147307845622,-25520.613866117685,293.81088457755624,14.9
1660.0000001088117,-36582.27969757893,11359.730001256159,-25222.54969632277,302.9134920294787,14.9
1670.000000110849,-36406.72784013145,11118.400985852808,-25288.32685427864,296.08252998628603,14.9
1680.0000001128863,-36448.17931749601,11275.033374759409,-25173.145942736603,302.03013381604774,14.9
1690.0000001149235,-36900.4748205953,11089.87647411035,-25810.59834648495,295.45585906307775,14.9
1700.0000001169608,-36580.25639578609,11174.03962207091,-25406.216773715183,297.76389659808433,14.9
1710.000000118998,-36572.5809027374,11030.681529457248,-25541.89937328015,294.3413887039148,14.9
1720.0000001210353,-36268.72553905894,10951.973156778402,-25316.752382280538,292.4402641754336,14.9
1730.0000001230726,-36812.2855444237,11222.532451168585,-25589.753093255116,299.3719424646237,14.9
1740.0000001251099,-36641.091100704354,10980.579358448236,-25660.511742256116,294.73196305619825,14.9
1750.0000001271471,-36852.47631593213,11086.325960241793,-25766.150355690337,295.61649645575085,14.9
1760.0000001291844,-37102.050376609666,11191.086843373912,-25910.963533235754,298.3343609431977,14.9
1770.0000001312217,-36648.34698712276,11175.595356068914,-25472.75163105384,297.90862268618434,14.9
1780.000000133259,-36300.47804271025,11169.097827834483,-25131.380214875768,298.81187074615616,14.9
1790.0000001352962,-36499.97323076055,10825.21227820804,-25674.76095255251,289.6728071163806,14.9
1800.0000001373335,-36248.196017215254,10795.513282826327,-25452.682734388927,287.6971893981504,14.9
1810.0000001393707,-36183.53940169586,10912.383967739455,-25271.155433956403,291.4054306181215,14.9
1820.000000141408,-36337.55210466319,10922.66906594071,-25414.88303872248,291.975476299359,14.9
1830.0000001434453,-36909.43546607436,11271.708941673056,-25637.726524401307,301.05177421591435,14.9
1840.0000001454825,-37076.3013362061,11208.888034624973,-25867.41330158113,298.8699122143036,14.9
1850.0000001475198,-36794.19788551269,11333.92192445772,-25460.27596105497,303.0298229308218,14.9
1860.000000149557,-36766.432760363976,11250.624074266509,-25515.808686097465,300.47904893619466,14.9
1870.0000001515943,-36976.175110518765,11281.462965961444,-25694.71214455732,301.308326898717,14.9
1880.0000001536316,-36600.68734554561,11117.714246664964,-25482.973098880644,295.8781992153235,14.9
1890.0000001556689,-36371.980756258985,11009.052495241971,-25362.928261017012,294.6168644140115,14.9
1900.0000001577062,-36633.46324891095,11136.12245392969,-25497.34079498126,296.74453006212616,14.9
1910.0000001597434,-36653.74507139223,11060.389489294714,-25593.355582097516,294.9358210330786,14.9
1920.0000001617807,-36623.22708169067,11473.693197582388,-25149.533884108278,305.6104488580417,14.9
1930.000000163818,-36693.97304046061,11078.781465810336,-25615.19157465027,296.1149893631251,14.9
1940.0000001658552,-36509.01291197851,11167.050867986069,-25341.962043992444,298.1214728874184,14.9
1950.0000001678925,-36462.2146809591,11125.7316709278,-25336.483010031297,295.9959885086101,14.9
1960.0000001699298,-36552.586167691974,10957.933460405362,-25594.652707286612,293.01958443246235,14.9
1970.000000171967,-36750.31019867342,11032.939515250115,-25717.3706834233,294.7926734380884,14.9
1980.0000001740043,-36600.69409829167,10835.280663279213,-25765.41343501246,288.3633975238314,14.9
1990.0000001760416,-36939.01590665492,10845.01952789485,-26093.996378760065,289.9401457694618,14.9
2000.0000001780788,-36699.68349886389,11267.927918702111,-25431.75558016178,301.0487695667519,14.9
2010.000000180116,-36626.027542994285,11302.01020589197,-25324.017337102316,302.09628503775224,14.9
2020.0000001821534,-36437.30146634383,11170.755855126648,-25266.54561121718,299.83550554467763,14.9
2030.0000001841906,-36279.35816165756,11179.714627640486,-25099.643534017076,298.4452872228539,14.9
2040.000000186228,-36385.80033474742,11229.038869231063,-25156.76146551636,299.7874509848631,14.9
2050.000000188265,-36235.98149305447,11375.63271015662,-24860.348782897847,304.0064885852013,14.9
2060.000000190302,-36410.446697476094,11200.337193853618,-25210.109503622476,299.7927504639619,14.9
2070.0000001923395,-36481.20238484088,11173.912557013842,-25307.289827827037,298.6661582541724,14.9
2080.0000001943768,-36261.79384337279,11094.41199496277,-25167.38184841002,295.8018656329716,14.9
2090.000000196414,-36953.22193316563,11073.239367264709,-25879.982565900922,295.67343577624183,14.9
2100.0000001984513,-36116.54385199798,11142.83667849835,-24973.707173499628,297.20932688024095,14.9
2110.0000002004886,-36857.86301783697,11179.20151541617,-25678.6615024208,298.48509006890765,14.9
2120.000000202526,-36665.45990452312,11053.396220385373,-25612.06368413775,295.6354740947011,14.9
2130.000000204563,-36520.239096915364,11136.389549783331,-25383.849547132035,298.2464696489067,14.9
2140.0000002066004,-36821.33993072484,10949.82298587491,-25871.51694484993,292.09576454002547,14.9
2150.0000002086376,-36816.86248890882,11165.748154379617,-25651.1143345292,298.06665913473,14.9
2160.000000210675,-36722.05260345706,10925.24591494058,-25796.806688516477,291.87511498267867,14.9
2170.000000212712,-36614.089952390306,11262.437191828323,-25351.652760561985,300.77437126228216,14.9
2180.0000002147494,-36618.59620777392,11278.217640379755,-25340.37856739416,301.93263889314215,14.9
2190.0000002167867,-36663.83222752773,11277.325999706343,-25386.506227821388,302.0755439615451,14.9
2200.000000218824,-36451.34210919371,11035.199154742862,-25416.14295445085,295.72753078512255,14.9
2210.0000002208612,-36597.16007494349,10890.759261553538,-25706.400813389948,291.4089285322789,14.9
2220.0000002228985,-36657.37026940855,11335.149547453342,-25322.220721955207,302.3051766321204,14.9
2230.000000224936,-37063.65912206521,11083.347627927378,-25980.311494137834,296.0339222784022,14.9
2240.000000226973,-36300.84649936849,10770.698945053387,-25530.147554315103,286.9977127071212,14.9
2250.0000002290103,-36156.376653949425,11060.997210565287,-25095.37944338414,295.6580989676048,14.9
2260.0000002310476,-36764.0755445277,11516.901740176581,-25247.17380435112,307.4156659772087,14.9
2270.000000233085,-36371.56565198343,11020.595207101356,-25350.970444882074,295.0955451841986,14.9
2280.000000235122,-36616.891715251084,11142.182174401772,-25474.70954084931,297.7521575939314,14.9
2290.0000002371594,-36900.65832028356,11081.55715678503,-25819.101163498533,297.1928790886038,14.9
2300.0000002391967,-36445.89968637,11275.92851773187,-25169.97116863813,301.2192765270925,14.9
2310.000000241234,-36481.36130625716,11259.031826705126,-25222.329479552034,300.62428429036714,14.9
2320.000000243271,-36517.08973236957,11238.843279842049,-25278.24645252752,299.6919055269555,14.9
2330.0000002453085,-36283.63969079169,11323.643155586535,-24959.99653520516,302.88591781336834,14.9
2340.0000002473457,-37103.12316548748,11059.14640008381,-26043.97676540367,294.91249354814323,14.9
2350.000000249383,-36843.266460559316,11154.227574863078,-25689.038885696238,297.68204146377343,14.9
2360.0000002514203,-36473.12658129662,11018.509168576029,-25454.617412720596,293.0667542373926,14.9
2370.0000002534575,-36632.100327158965,11258.038552543614,-25374.06177461535,301.07989499795605,14.9
2380.000000255495,-36241.9422139942,11035.800427104063,-25206.14178689014,294.53841875859763,14.9
2390.000000257532,-36867.45012359796,11221.453343869138,-25645.996779728826,299.4986847840845,14.9
2400.0000002595693,-37105.66845973442,11134.826743581592,-25970.841716152827,297.29045919780634,14.9
2410.0000002616066,-36822.28900208758,11031.895778511687,-25790.39322357589,294.19943652338685,14.9
2420.000000263644,-36862.04824213605,10968.82625165225,-25893.2219904838,292.72485813989175,14.9
2430.000000265681,-36486.15753523624,10947.718140869538,-25538.439394366702,292.98482383630846,14.9
2440.0000002677184,-36460.531439388484,11272.158163128748,-25188.373276259736,301.78556358686006,14.9
2450.0000002697557,-36495.22689710977,11381.643431731763,-25113.58346537801,304.882599299147,14.9
2460.000000271793,-36223.29085378574,10957.373548162102,-25265.917305623632,292.7383102322169,14.9
2470.00000027383,-36277.74569645384,11163.76142387504,-25113.984272578804,297.73535902380985,14.9
2480.0000002758675,-36710.30851978307,10984.686589627643,-25725.62193015543,293.51109709396536,14.9
2490.0000002779047,-36722.52868783807,11460.922342697904,-25261.606345140168,306.4370470641546,14.9
2500.000000279942,-36917.16269609281,11075.534932851726,-25841.627763241086,296.2127461723944,14.9
2510.0000002819793,-36456.68303731261,10894.74844652281,-25561.934590789795,290.47237513104585,14.9
2520.0000002840166,-36356.69553574527,10952.198499736127,-25404.49703600914,291.78167860082925,14.9
2530.000000286054,-36574.68067735974,10935.24598565673,-25639.434691703013,292.07945804063905,14.9
2540.000000288091,-36682.65252147213,11149.426659984767,-25533.225861487364,297.3639621769801,14.9
2550.0000002901284,-36528.29831119702,11069.519222525123,-25458.779088671894,296.082863823806,14.9
2560.0000002921656,-36460.34931457881,11308.165172747507,-25152.1841418313,301.9032872272601,14.9
2570.000000294203,-36163.72086514306,11241.038339171597,-24922.682525971468,299.49397655759213,14.9
2580.00000029624,-36700.97152166305,10982.015688692169,-25718.95583297088,293.5313900338692,14.9
2590.0000002982774,-36448.11938117917,10953.226957885408,-25494.892423293757,292.36227292725755,14.9
2600.0000003003147,-36318.12891564263,11117.497858507919,-25200.63105713471,297.5249504480106,14.9
2610.000000302352,-36634.30042854629,11266.286947516308,-25368.01348102998,300.9967019586793,14.9
2620.0000003043892,-36220.23786554211,11188.982557296351,-25031.25530824576,299.45587529703715,14.9
2630.0000003064265,-36371.88483802721,10956.024408652835,-25415.860429374377,293.6899261901385,14.9
2640.0000003084638,-36731.59352946735,10909.591367709163,-25822.002161758184,291.60070710644493,14.9
2650.000000310501,-36587.383518869785,11149.499409483438,-25437.884109386345,297.32660447237777,14.9
2660.0000003125383,-36759.66162248987,11180.070290364967,-25579.591332124903,299.13930362943563,14.9
2670.0000003145756,-36503.61229090071,11152.712328809432,-25350.89996209128,297.9304503491212,14.9
2680.000000316613,-36589.27329480709,11291.554612894752,-25297.718681912338,302.5583250553208,14.9
2690.00000031865,-36610.77302543634,11299.332184178047,-25311.440841258292,301.2132699418882,14.9
2700.0000003206874,-36878.59628386791,11261.617661884313,-25616.9786219836,300.8186193245469,14.9
2710.0000003227246,-36530.50563876713,11025.132643729869,-25505.372995037258,293.9809252570417,14.9
2720.000000324762,-36928.076045743044,11291.512284602364,-25636.56376114068,301.47636200479144,14.9
2730.000000326799,-36631.19398187497,11333.791914695257,-25297.40206717971,302.9746951615241,14.9
2740.0000003288364,-36764.29368483574,11389.284985231512,-25375.00869960423,304.0673988652344,14.9
2750.0000003308737,-36539.82558253698,11262.196543569087,-25277.62903896789,301.0400459148502,14.9
2760.000000332911,-36164.91719364204,11305.574740491747,-24859.34245315029,301.77277259041466,14.9
2770.0000003349483,-36206.576785614416,10979.190042095594,-25227.386743518822,293.77116700822654,14.9
2780.0000003369855,-36685.510849815255,11176.716800514572,-25508.794049300683,299.293243757489,14.9
2790.000000339023,-36727.77319020397,10942.24209443711,-25785.531095766855,291.7662891315386,14.9
2800.00000034106,-36952.85435780334,10954.37736390701,-25998.476993896333,292.95536697203033,14.9
2810.0000003430973,-36852.45554732325,11349.304145284787,-25503.15140203846,302.02900822149036,14.9
2820.0000003451346,-36759.048739031896,11060.37511863011,-25698.673620401787,295.27105049221416,14.9
2830.000000347172,-36947.74944884802,11262.508870462309,-25685.240578385714,300.95396322484476,14.9
2840.000000349209,-36648.63139227953,10891.64176697136,-25756.98962530817,290.3709811704375,14.9
2850.0000003512464,-36892.02335715792,11013.676634401254,-25878.34672275667,294.2294200348336,14.9
2860.0000003532837,-36456.80268104324,11520.895717117453,-24935.906963925787,308.65598876071556,14.9
2870.000000355321,-36543.492334722716,11065.20313994246,-25478.289194780256,295.44830343511285,14.9
2880.000000357358,-36632.23574777713,11212.308903798268,-25419.92684397886,299.85452430182556,14.9
2890.0000003593955,-36866.25811879516,11118.514627590721,-25747.743491204437,295.8770291695715,14.9
2900.0000003614327,-36540.1748976625,11015.52027501954,-25524.654622642964,294.5679413929019,14.9
2910.00000036347,-36266.251014968366,10967.448970386746,-25298.802044581622,292.8130950587621,14.9
2920.0000003655073,-36578.54231546884,10843.354931325703,-25735.187384143137,289.8393596671102,14.9
2930.0000003675445,-36375.04073418604,11264.804009513044,-25110.236724673,300.7040811140825,14.9
2940.000000369582,-36756.83409335551,11132.93989489708,-25623.89419845843,296.4451354619339,14.9
2950.000000371619,-36493.94201244655,11135.577492197195,-25358.36452024935,296.6869901891863,14.9
2960.0000003736563,-36534.60113130888,11027.095600350294,-25507.505530958588,294.5713742260757,14.9
2970.0000003756936,-36431.38150340871,10896.127131855617,-25535.254371553092,291.11512926475683,14.9
2980.000000377731,-36776.52498498241,11349.499547555733,-25427.025437426677,302.895281298378,14.9
2990.000000379768,-36895.04149194052,11107.807641168885,-25787.233850771638,296.90256174262635,14.9
3000.0000003818054,-36531.52698559369,10851.40178736861,-25680.125198225083,289.4285682087698,14.9
