#"Time (ps)","Potential Energy (kJ/mole)","Kinetic Energy (kJ/mole)","Total Energy (kJ/mole)","Temperature (K)","Speed (ns/day)"
10.00000000000073,-36206.09606218995,11261.334569932082,-24944.76149225787,300.82712559007024,0
19.99999999999874,-37015.25102415233,11031.200924540308,-25984.050099612017,294.5153216985972,14.8
29.999999999975433,-37070.56286499179,10820.277352579034,-26250.28551241276,289.1163245019644,14.8
40.00000000000897,-36911.29056707903,11155.605695462551,-25755.684871616475,297.83713128416554,14.8
50.000000000056716,-36484.24227926442,11122.309304997485,-25361.932974266936,297.6032611240887,14.8
60.000000000104464,-36668.77099937431,11263.303442904973,-25405.46755646934,300.94724873585085,14.8
70.00000000015221,-36842.73178268315,10828.649393190295,-26014.082389492854,288.91796895797944,14.8
80.00000000019996,-36754.68241301925,10680.772336545719,-26073.910076473527,285.2893086898597,14.8
90.00000000024771,-36397.71070745235,10835.467439469188,-25562.24326798316,289.09030450640176,14.9
100.00000000029546,-36878.33585792759,10990.341164719772,-25887.994693207816,293.2096014418518,14.9
110.0000000003432,-36303.725222146364,11123.132027123414,-25180.59319502295,296.9456838027632,14.9
120.00000000039095,-36436.76848936728,10753.6258614497,-25683.14262791758,286.52648052681747,14.9
130.00000000038185,-36709.43118892936,11031.624401796198,-25677.806787133162,294.2887425441713,14.9
140.00000000014538,-36861.099957506485,11169.851629373714,-25691.248328132773,298.0941332502402,14.9
149.9999999999089,-37214.51763278092,10865.495427427231,-26349.022205353685,289.72162440277987,14.9
159.99999999967244,-36537.05011505011,10989.531882217267,-25547.51823283284,293.368737486841,14.9
169.99999999943597,-36839.04379761262,11252.868735848904,-25586.175061763715,299.68990658969517,14.9
179.9999999991995,-36672.68712690481,10897.46534097969,-25775.221785925125,290.3314498063159,14.9
189.99999999896303,-36505.713220336555,11063.184043792811,-25442.529176543743,294.5405100491356,14.9
199.99999999872657,-36409.46213523261,11297.370673218029,-25112.091462014578,302.5237255429837,14.9
209.9999999984901,-36655.02572528099,11056.476187156615,-25598.549538124375,294.8888107789957,14.9
219.99999999825363,-36278.12007709921,11121.301579671495,-25156.81849742771,296.70834700806626,14.9
229.99999999801716,-36334.32602949064,11469.041269117053,-24865.28476037359,306.65559708252783,14.9
239.9999999977807,-36119.105080440684,11058.264936473926,-25060.840143966758,294.6701826421853,14.9
249.99999999754422,-36419.47132405094,10972.180676701124,-25447.290647349815,293.5329109845183,14.9
259.9999999973078,-36613.01804348144,11096.46414778459,-25516.55389569685,296.7935280453089,14.9
269.9999999970713,-36623.46925886081,11049.529319011886,-25573.939939848922,295.2926786940493,14.9
279.99999999683484,-36704.43893780363,11309.312283720412,-25395.126654083215,302.28945218459074,14.9
289.9999999965984,-36638.15541241256,11046.268945711101,-25591.88646670146,294.8360386011479,14.9
299.9999999963619,-36630.08847242708,10953.725664127505,-25676.362808299575,293.2697986695215,14.9
309.99999999612544,-36673.49600711669,11128.206971528734,-25545.289035587957,297.5401506243494,14.9
319.99999999588897,-36668.16152137664,10950.32064670145,-25717.840874675192,291.87957030307444,14.9
329.9999999956525,-36464.325081754185,10894.3424225893,-25569.982659164885,290.9569666113464,14.9
339.99999999541603,-36719.45587037895,11057.807938698574,-25661.647931680378,295.0131100881323,14.9
349.99999999517956,-36709.19280310641,10984.992178002236,-25724.200625104175,293.31555109410266,14.9
359.9999999949431,-36663.72327608531,10982.184257902843,-25681.539018182462,293.7753050876928,14.8
369.9999999947066,-36249.69297614835,11133.80234165211,-25115.890634496238,296.8983060060931,14.8
379.99999999447016,-36703.99679662471,11168.304080165533,-25535.69271645918,298.28139185808635,14.8
389.9999999942337,-36938.34949394873,11203.073768348273,-25735.275725600455,299.7521532071067,14.8
399.9999999939972,-36590.99331533585,11045.03055401384,-25545.96276132201,295.4513366848145,14.8
409.99999999376075,-36742.497078061344,11073.71528602286,-25668.781792038484,296.13845493509183,14.8
419.9999999935243,-36259.35663570048,11192.119359446891,-25067.23727625359,299.48730034441576,14.8
429.9999999932878,-36578.78740242161,10955.994817392688,-25622.792585028918,292.4239427950691,14.8
439.99999999305135,-37030.59697451526,11008.201988863111,-26022.39498565215,293.89160758415886,14.8
449.9999999928149,-36464.14386908022,11159.335135692143,-25304.808733388076,298.4636277300758,14.8
459.9999999925784,-36934.33654502319,11082.990962420521,-25851.345582602666,295.44968590653315,14.8
469.99999999234194,-36758.97069271137,11092.46345148497,-25666.507241226405,296.2999749121457,14.8
479.9999999921055,-36733.701828259684,11069.278881375052,-25664.42294688463,296.2985148330296,14.8
489.999999991869,-36164.14830320299,11119.84011099832,-25044.308192204666,296.98164053459124,14.8
499.99999999163254,-36626.07691176688,11051.108729152,-25574.96818261488,295.15896477284605,14.8
509.99999999139607,-36684.07919728341,10925.090122425649,-25758.989074857764,292.6201186588024,14.8
519.9999999911596,-36716.04770146046,11213.452856896076,-25502.594844564388,298.9818127262325,14.8
529.9999999909231,-36612.638548549265,11049.87859162112,-25562.759956928145,295.3685136813455,14.8
539.9999999906867,-36538.843438478674,11013.50046171528,-25525.342976763393,293.5321402314259,14.8
549.9999999904502,-36497.5704890654,11277.838497410834,-25219.731991654568,301.0711262166187,14.8
559.9999999902137,-36599.74239026312,11203.950293188582,-25395.79209707454,299.1175864882744,14.8
569.9999999899773,-36441.64715896398,11126.457342196674,-25315.189816767303,297.96632013619467,14.8
579.9999999897408,-36782.70913937593,11041.840000385238,-25740.869138990696,295.07340098481836,14.8
589.9999999895043,-37009.92182791628,11242.402641833838,-25767.51918608244,300.18622350548327,14.8
599.9999999892678,-36773.97363737013,11066.969229781635,-25707.004407588494,295.65700601052924,14.8
609.9999999890314,-36299.38972187867,11012.433529011667,-25286.95619286701,293.45228246924853,14.8
619.9999999887949,-36668.29288200471,11078.328995330065,-25589.963886674646,296.40468915127497,14.8
629.9999999885584,-36724.73575161473,11103.71582980903,-25621.019921805702,296.7988789726018,14.8
639.999999988322,-36487.28911615856,11039.244167780118,-25448.04494837844,294.50740415459427,14.8
649.9999999880855,-36573.861020649536,11287.425139072067,-25286.43588157747,301.1318778928368,14.8
659.999999987849,-37172.31849069645,10953.297246104694,-26219.021244591757,291.5215663605475,14.8
669.9999999876126,-36529.70486471767,11470.719083126296,-25058.985781591375,306.18864522450934,14.8
679.9999999873761,-36573.47214666153,10860.598233419258,-25712.87391324227,290.08842463626905,14.8
689.9999999871396,-36413.304734637764,10901.546563558026,-25511.75817107974,291.45119660058435,14.8
699.9999999869032,-36163.314946479644,10871.926723800367,-25291.388222679278,290.84302007371906,14.8
709.9999999866667,-37289.03288482539,11075.47588694273,-26213.55699788266,296.54308498404754,14.8
719.9999999864302,-36785.23065036141,10871.595412314487,-25913.63523804692,290.58726100813897,14.8
729.9999999861938,-36880.0249741323,11083.916384676937,-25796.10858945536,296.2594979654549,14.8
739.9999999859573,-36806.70220835734,11167.345944959341,-25639.356263397996,298.3761490747964,14.8
749.9999999857208,-36483.15937535177,11124.239770381337,-25358.919604970437,298.1915031285492,14.8
759.9999999854844,-36807.14012706041,11085.461732097388,-25721.678394963023,295.70516938956877,14.8
769.9999999852479,-36163.95404382456,11169.32371015522,-24994.630333669338,298.76609471822565,14.8
779.9999999850114,-36180.052294079804,11172.253686375578,-25007.798607704226,297.9545466326541,14.8
789.999999984775,-36568.10351953387,11195.527993392972,-25372.5755261409,299.17993814625345,14.8
799.9999999845385,-36510.09756110372,11525.269977578002,-24984.82758352572,308.74539154973394,14.8
809.999999984302,-36340.44996362613,11208.240806640611,-25132.20915698552,298.7414857804696,14.8
819.9999999840655,-36678.126542114594,11348.7154453362,-25329.411096778393,303.48454720784395,14.8
829.9999999838291,-36954.48717554577,10895.152437680334,-26059.334737865436,291.8829389593114,14.8
839.9999999835926,-37004.01728863561,11227.533459992565,-25776.483828643046,299.5090925060319,14.8
849.9999999833561,-36305.43002933606,11032.326164964006,-25273.103864372053,294.9844833184746,14.8
859.9999999831197,-36856.16363234389,11344.954125899852,-25511.209506444036,302.1818029502503,14.8
869.9999999828832,-36651.9931777768,11280.895888867106,-25371.097288909696,301.12590680419584,14.8
879.9999999826467,-36311.06532248628,11034.571936500188,-25276.493385986098,294.1406631289248,14.8
889.9999999824103,-36688.38134969747,11223.36452177266,-25465.01682792481,300.14490604823885,14.8
899.9999999821738,-36268.44257676924,11224.860285894623,-25043.582290874612,299.6310466603034,14.8
909.9999999819373,-36479.35766338356,11175.760162382037,-25303.597501001525,298.5845684574051,14.8
919.9999999817009,-36354.8365852146,11206.558972297322,-25148.277612917278,299.37938745907024,14.8
929.9999999814644,-36723.44124799149,11321.43765832687,-25402.003589664622,301.4377084323971,14.8
939.9999999812279,-36776.08883098907,11212.17047531572,-25563.918355673355,299.8656668711426,14.8
949.9999999809914,-37239.38533534061,11075.615585419966,-26163.76974992064,295.0283588155423,14.8
959.999999980755,-36328.38453089844,11132.389086449264,-25195.995444449174,296.54823089499456,14.8
969.9999999805185,-36806.61195025851,10935.728492803262,-25870.883457455253,291.89635323603574,14.8
979.999999980282,-36671.34866555481,11131.727178610336,-25539.621486944474,297.1524290812225,14.8
989.9999999800456,-36407.113391802224,11033.54774943085,-25373.565642371374,294.4421920202997,14.8
999.9999999798091,-36564.731274186335,10963.118498214313,-25601.612775972022,293.00627966978055,14.8
1009.9999999795726,-36480.651412832776,10701.055091852164,-25779.596320980614,286.5789996785306,14.8
1019.9999999793362,-36641.46938987807,11562.364745566727,-25079.10464431134,308.96322444844816,14.8
1029.9999999804638,-36478.036632709955,11228.989751003952,-25249.046881706003,300.80507568629037,14.8
1039.999999982501,-36960.795224420865,11026.444577428023,-25934.35064699284,293.8959046957663,14.8
1049.9999999845384,-36617.16245377381,11093.672163811494,-25523.490289962316,296.66592995955153,14.8
1059.9999999865756,-36793.861596092116,11054.494019463991,-25739.367576628123,295.1232939836446,14.8
1069.999999988613,-36871.25113084299,11230.616189830884,-25640.634941012104,300.2279530126303,14.8
1079.9999999906502,-36888.91161327923,10864.28857749816,-26024.62303578107,290.8620631681295,14.8
1089.9999999926874,-36678.98204787003,11246.380263210764,-25432.601784659266,300.16013467937506,14.8
1099.9999999947247,-36907.237922435714,11006.42198454907,-25900.815937886644,293.590728421119,14.8
1109.999999996762,-36502.68727555565,10886.801427986265,-25615.88584756938,291.0524216121678,14.8
1119.9999999987992,-36581.64872046746,11143.049772214366,-25438.598948253097,297.71529708851494,14.8
1130.0000000008365,-36670.87517363092,11071.95760971979,-25598.91756391113,295.84324995308714,14.8
1140.0000000028738,-36867.62027952262,11117.622573158445,-25749.997706364175,296.65402494319414,14.8
1150.000000004911,-36595.05855608616,11228.432611150125,-25366.625944936033,299.3861864919911,14.8
1160.0000000069483,-36723.51764141831,11220.984037506563,-25502.533603911746,298.91310796438444,14.8
1170.0000000089856,-36718.245320293616,11211.477322897748,-25506.767997395866,299.3853294507313,14.8
1180.0000000110228,-36281.32960658001,11374.971755922015,-24906.357850657994,304.54504210918884,14.8
1190.0000000130601,-36647.43857463326,11094.608264453094,-25552.83031018017,296.6702918432805,14.8
1200.0000000150974,-36800.70900284549,11127.89442615606,-25672.81457668943,297.86559643048804,14.8
1210.0000000171347,-36342.26157138292,11258.299182620945,-25083.962388761975,301.2861345965201,14.8
1220.000000019172,-36481.19406589999,11013.214591695521,-25467.97947420447,292.5573460297028,14.8
1230.0000000212092,-36572.07628194562,11027.379361146512,-25544.69692079911,294.4774730902867,14.8
1240.0000000232465,-37149.1730111939,11125.823351639381,-26023.349659554522,297.5687354748172,14.8
1250.0000000252837,-37041.94353340152,11328.777725919475,-25713.165807482044,302.59903237849596,14.8
1260.000000027321,-36957.90646308163,11172.797924808043,-25785.108538273584,298.89345748295415,14.8
1270.0000000293583,-36556.33055935259,11115.816989202393,-25440.513570150193,296.00480551090124,14.8
1280.0000000313955,-36209.96026105329,11205.724793022728,-25004.23546803056,299.28068790505347,14.8
1290.0000000334328,-36117.19259159372,10949.229942442711,-25167.962649151006,291.06603347061804,14.8
1300.00000003547,-36754.52846971197,11310.766225269266,-25443.762244442703,301.4141711174088,14.8
1310.0000000375073,-36755.43455692588,10746.861304515063,-26008.573252410817,285.8766686620355,14.8
1320.0000000395446,-36693.46888780159,10876.831612140306,-25816.637275661284,289.65610361758957,14.8
1330.0000000415819,-36482.22179110936,11228.91156954213,-25253.310221567233,300.16997834404157,14.8
1340.0000000436191,-36428.146326645416,11249.099513146306,-25179.04681349911,300.8207641879589,14.8
1350.0000000456564,-36625.722932206925,10995.164478478764,-25630.55845372816,293.5050800637299,14.8
1360.0000000476937,-36737.473846291985,11308.75380749449,-25428.720038797495,301.81804823248547,14.8
1370.000000049731,-36666.11635777046,11253.991662688248,-25412.12469508221,299.14593806593325,14.8
1380.0000000517682,-36690.4797692465,11325.991701465106,-25364.488067781393,303.1105622899802,14.8
1390.0000000538055,-36895.4551441645,11258.80597784202,-25636.64916632248,300.67221107406436,14.8
1400.0000000558427,-36441.185942046424,11258.455960657186,-25182.72998138924,300.56134239857414,14.8
1410.00000005788,-36276.533845711936,11156.573132184312,-25119.960713527624,297.42224008789503,14.8
1420.0000000599173,-37179.55172717735,11218.46243646318,-25961.089290714168,300.5979448421934,14.8
1430.0000000619546,-36509.82411610854,11164.781740023827,-25345.04237608471,298.4708929407226,14.8
1440.0000000639918,-36715.01903777606,10896.255182501125,-25818.763855274934,290.5473543301178,14.9
1450.000000066029,-36578.51398646581,11043.35180356174,-25535.162182904074,294.14701649836496,14.9
1460.0000000680664,-37154.308032310546,11086.882142804161,-26067.425889506383,295.2478011227198,14.9
1470.0000000701036,-37070.90443536096,11219.33970751039,-25851.564727850568,300.155990706963,14.9
1480.000000072141,-36470.86524566089,11117.153525229445,-25353.711720431445,296.76354084774016,14.9
1490.0000000741782,-36495.135091534845,11054.58428612754,-25440.550805407307,295.6972824980035,14.9
1500.0000000762154,-36510.13973249285,11214.576455395649,-25295.5632770972,299.16980035703364,14.9
1510.0000000782527,-36536.959249909945,10970.067429892073,-25566.891820017874,293.11214661121915,14.9
1520.00000008029,-36680.33978683642,11068.807188101937,-25611.532598734484,295.71764974689836,14.9
1530.0000000823272,-36045.27725476798,11219.17923971641,-24826.098015051568,299.5977565167454,14.9
1540.0000000843645,-36324.18060214409,10888.384579394475,-25435.79602274962,290.78590664380357,14.9
1550.0000000864018,-36867.04870907387,11011.865999092031,-25855.182709981837,294.5820861931559,14.9
1560.000000088439,-36755.52664524933,11212.182550885738,-25543.344094363594,299.1789736685265,14.9
1570.0000000904763,-36887.1061265819,11097.97313897988,-25789.13298760202,296.5031880104811,14.9
1580.0000000925136,-36540.93187843586,11105.471105807754,-25435.46077262811,297.1274781615568,14.9
1590.0000000945508,-37309.16808718441,11196.87648434973,-26112.291602834677,299.99559558585145,14.9
1600.000000096588,-36781.53395284447,10805.339613150014,-25976.194339694455,287.98678019373335,14.9
1610.0000000986254,-36519.81746797128,11097.24688782009,-25422.570580151194,296.88570286413716,14.9
1620.0000001006626,-36329.158253068235,11196.496021394541,-25132.662231673694,298.2851293735684,14.8
1630.0000001027,-36766.06381492053,11086.871031658253,-25679.192783262282,296.5659826944127,14.8
1640.0000001047372,-37227.12504278237,10936.527377921304,-26290.597664861067,292.2730281656928,14.8
1650.0000001067745,-36254.33320804089,10974.18635335647,-25280.14685468442,293.0677151080462,14.8
1660.0000001088117,-36943.80193046326,10999.366161763783,-25944.435768699477,294.5826653394347,14.8
1670.000000110849,-36943.61905020836,11132.144097009854,-25811.474953198507,297.5912820898221,14.8
1680.0000001128863,-36599.34402218485,10949.115304168336,-25650.228718016515,292.53504450210687,14.8
1690.0000001149235,-37222.35074172666,11034.013734577029,-26188.337007149632,294.6831017210924,14.8
1700.0000001169608,-37353.654544929544,11284.433249859405,-26069.22129507014,301.1181363710968,14.8
1710.000000118998,-36896.767320242274,10951.5365333539,-25945.230786888373,292.6083855902013,14.8
1720.0000001210353,-36920.82240987235,11125.67994279288,-25795.142467079473,297.15094131803676,14.8
1730.0000001230726,-36994.332625562856,11217.955067451854,-25776.377558111002,300.15729950719543,14.8
1740.0000001251099,-36578.67831499733,11217.576683297624,-25361.101631699705,299.7920281000328,14.8
1750.0000001271471,-36601.72764924205,11093.733868803636,-25507.993780438414,296.64247547565276,14.8
1760.0000001291844,-36752.3539722073,11364.341743576619,-25388.01222863068,303.7884855548531,14.8
1770.0000001312217,-36269.8427140757,11087.869095933678,-25181.97361814202,296.8019192230242,14.8
1780.000000133259,-36597.06174279544,11060.148026052657,-25536.913716742783,294.87591724997014,14.8
1790.0000001352962,-37014.409432174245,11020.397619817044,-25994.011812357203,294.133288603372,14.8
1800.0000001373335,-36817.825218103826,11102.717476058735,-25715.10774204509,296.28720049835147,14.8
1810.0000001393707,-36843.872748278656,11076.161863303994,-25767.710884974662,295.8856094920489,14.8
1820.000000141408,-36568.766958476255,11232.92166812171,-25335.845290354548,300.4765277543544,14.8
1830.0000001434453,-36922.370926430216,11205.9183548867,-25716.452571543516,298.25771294168635,14.8
1840.0000001454825,-36300.727849163566,11145.681462533415,-25155.04638663015,298.6757424070401,14.8
1850.0000001475198,-37085.41842584983,11429.664043336503,-25655.754382513325,305.17989243657894,14.8
1860.000000149557,-36536.1834074418,10876.620384617318,-25659.563022824485,290.6614029743327,14.8
1870.0000001515943,-37020.259664362486,10988.840638971495,-26031.41902539099,292.99590857880395,14.8
1880.0000001536316,-37017.58287196909,11203.41278683465,-25814.170085134443,298.8550373305943,14.8
1890.0000001556689,-36463.20207077646,11026.869190397621,-25436.33288037884,294.8400114797412,14.8
1900.0000001577062,-36850.62989187942,11048.237966049403,-25802.391925830016,293.3032084357743,14.8
1910.0000001597434,-37168.74032400471,11206.034386841016,-25962.705937163697,298.87768123365,14.8
1920.0000001617807,-36968.922423776414,10673.217338257213,-26295.7050855192,285.66938718518793,14.8
1930.000000163818,-36898.61841251495,11227.098910733323,-25671.51950178163,299.9668055447139,14.8
1940.0000001658552,-36857.34837901231,11084.726554114897,-25772.62182489741,295.50030855441,14.8
1950.0000001678925,-36682.76674882184,10750.105068400442,-25932.6616804214,286.72923334154206,14.8
1960.0000001699298,-36809.21152873118,11100.985567085034,-25708.22596164615,295.66353964934876,14.8
1970.000000171967,-36635.54477299923,11109.028779050195,-25526.515993949033,297.36874863074115,14.8
1980.0000001740043,-36616.20797388657,11183.052678121521,-25433.15529576505,297.6637684720225,14.8
1990.0000001760416,-37028.01589264081,11049.371350593034,-25978.644542047776,294.72260114119433,14.8
2000.0000001780788,-36913.32239528284,11128.707577903113,-25784.614817379726,297.4875863580252,14.8
2010.000000180116,-36996.97174771904,11098.304612596356,-25898.667135122687,296.1791564996775,14.8
2020.0000001821534,-36467.70627087604,11168.130266656222,-25299.57600421982,297.43691491716595,14.8
2030.0000001841906,-36665.92800260093,11287.521195938407,-25378.406806662522,301.1255425193147,14.8
2040.000000186228,-36887.7000895585,11055.274664887354,-25832.425424671146,294.92973600733916,14.8
2050.000000188265,-37211.30059250848,11179.801122343075,-26031.499470165407,297.8740472373832,14.8
2060.000000190302,-36396.89006067364,10903.038650806506,-25493.851409867137,291.83714579071005,14.8
2070.0000001923395,-36786.19363204055,11006.160855998376,-25780.032776042175,293.6808897213794,14.8
2080.0000001943768,-36960.734806988236,10903.961741219022,-26056.773065769215,291.7127852801273,14.8
2090.000000196414,-36849.72552444151,11366.181378031426,-25483.54414641008,302.9998398566138,14.8
2100.0000001984513,-36608.768992166464,11035.165381929392,-25573.60361023707,295.3672773401065,14.8
2110.0000002004886,-37180.03644451273,10930.412011104569,-26249.624433408157,291.4253038448242,14.9
2120.000000202526,-36309.72545097993,11169.154949825275,-25140.570501154656,298.0171283581459,14.9
2130.000000204563,-36550.70229157545,11049.784909749695,-25500.917381825755,295.5922211004884,14.9
2140.0000002066004,-36768.475199134395,11059.424219664577,-25709.050979469816,295.1568956656972,14.9
2150.0000002086376,-36478.51037099671,11369.319336735729,-25109.191034260977,303.25741161538326,14.9
2160.000000210675,-36480.46027505169,10970.14485441408,-25510.315420637613,293.0112848153022,14.9
2170.000000212712,-36394.89672018263,10976.047248612085,-25418.849471570546,294.34808584243166,14.9
2180.0000002147494,-36580.25460585814,10910.270161295539,-25669.984444562604,291.68742703776945,14.9
2190.0000002167867,-36999.661075260905,11068.818664053331,-25930.842411207574,295.9685181611606,14.9
2200.000000218824,-36843.98384295698,11238.16034302315,-25605.82349993383,299.946742664938,14.9
2210.0000002208612,-36394.73211312297,10865.960688232808,-25528.77142489016,290.7806342755376,14.9
2220.0000002228985,-36714.644118464355,11445.66734933037,-25268.976769133988,305.6499367338277,14.9
2230.000000224936,-37013.369895063224,11200.54437702969,-25812.825518033533,298.4728253424851,14.9
2240.000000226973,-36550.73339563109,11237.71230936336,-25313.02108626773,301.2665413627026,14.9
2250.0000002290103,-36608.141600310366,11106.551720156916,-25501.58988015345,296.981715674446,14.9
2260.0000002310476,-36505.84195417085,11065.136961363274,-25440.704992807576,295.7097427351184,14.9
2270.000000233085,-36688.26602588246,11042.463140812384,-25645.80288507008,294.6998454785641,14.9
2280.000000235122,-36952.825306952305,11027.887599717518,-25924.937707234785,294.1514638183588,14.9
2290.0000002371594,-36577.309296607535,11225.700473328916,-25351.60882327862,299.39811234283565,14.9
2300.0000002391967,-36933.43843326281,10898.687289514208,-26034.751143748603,290.90759391359416,14.9
2310.000000241234,-36501.557041941,10912.13250500726,-25589.42453693374,291.1134379951121,14.9
2320.000000243271,-36763.318623922845,11203.413011785295,-25559.90561213755,298.84315881983355,14.9
2330.0000002453085,-36626.96235001076,11002.650936328226,-25624.31141368254,293.2701027860452,14.9
2340.0000002473457,-36422.84551520282,11149.841287354033,-25273.004227848785,297.5576731614564,14.9
2350.000000249383,-36538.85314029462,11359.193082244425,-25179.66005805019,303.24905435597947,14.9
2360.0000002514203,-36410.66082819035,11240.027817149325,-25170.63301104102,299.975220112013,14.9
2370.0000002534575,-37119.20887586683,11161.561156136291,-25957.647719730543,297.61181188559476,14.9
2380.000000255495,-37056.600152034494,11389.250156920481,-25667.34999511401,304.5915159046213,14.9
2390.000000257532,-36858.57192145801,11219.598735102263,-25638.973186355746,300.0778113139205,14.9
2400.0000002595693,-36843.543371357824,11180.842012838226,-25662.701358519596,298.9817538090529,14.9
2410.0000002616066,-36740.969231344425,10940.700867440706,-25800.26836390372,292.6907517718034,14.9
2420.000000263644,-36948.86907552583,10963.40775423158,-25985.46132129425,292.70424221687637,14.9
2430.000000265681,-36494.31356026275,11064.988479150345,-25429.32508111241,295.3215988303956,14.9
2440.0000002677184,-36715.57573270951,11282.083113419334,-25433.492619290177,301.5365635883659,14.9
2450.0000002697557,-37033.2182730747,11460.189828570408,-25573.028444504293,305.93329568055566,14.9
2460.000000271793,-36823.39137750131,11256.407929709458,-25566.983447791856,301.6670676706108,14.9
2470.00000027383,-36933.61082910101,11238.403592613937,-25695.207236487073,300.1216578078833,14.9
2480.0000002758675,-36753.70140486004,10960.494321207096,-25793.207083652946,292.8374533249652,14.9
2490.0000002779047,-36664.571592379056,11285.787117796377,-25378.78447458268,301.90681082323437,14.9
2500.000000279942,-37202.79098640679,11158.662514713124,-26044.128471693668,298.5187566367213,14.9
2510.0000002819793,-36903.452015545445,11182.34613280436,-25721.105882741085,298.38942087434117,14.9
2520.0000002840166,-36669.93551395138,11090.690487831698,-25579.24502611968,296.0439858204682,14.9
2530.000000286054,-36591.20221325579,10917.921286471186,-25673.280926784602,292.54744357718187,14.9
2540.000000288091,-36590.90412072615,11091.33283142008,-25499.571289306066,295.90367180115413,14.9
2550.0000002901284,-36986.98305170173,11479.029585069962,-25507.95346663177,305.81365510125573,14.9
2560.0000002921656,-37107.30802219368,10982.96908523844,-26124.338936955246,292.47719051945654,14.9
2570.000000294203,-36757.768707783085,11054.933243348498,-25702.83546443459,295.6192824695064,14.9
2580.00000029624,-36457.69909919419,10999.23044930851,-25458.468649885683,293.4344058333782,14.9
2590.0000002982774,-36844.13005777584,11281.7334063038,-25562.396651472038,301.6295414109418,14.9
2600.0000003003147,-36891.13604688367,11142.79962201559,-25748.33642486808,296.4612389070474,14.9
2610.000000302352,-36519.55298573881,11324.187976447287,-25195.365009291523,301.7666340087248,14.9
2620.0000003043892,-36641.02060154496,11086.612792173766,-25554.407809371194,296.2292431091852,14.9
2630.0000003064265,-36618.873086915664,10703.830185446497,-25915.04290146917,285.6502746501671,14.9
2640.0000003084638,-36482.47573877397,11311.966381503456,-25170.50935727051,301.9023670300062,14.9
2650.000000310501,-36535.768068086174,11223.168780857119,-25312.599287229055,300.49245960993886,14.9
2660.0000003125383,-36938.299790466124,11245.079580551963,-25693.22020991416,300.2728866264769,14.9
2670.0000003145756,-36910.07509591923,11075.888904404308,-25834.18619151492,295.73577064127056,14.9
2680.000000316613,-36499.933190228956,11010.688089063031,-25489.245101165925,293.1306771137297,14.9
2690.00000031865,-36912.757815536155,11218.482518502467,-25694.275297033688,299.52738729291315,14.9
2700.0000003206874,-36694.11267097873,11131.340289147785,-25562.772381830942,297.1104454214947,14.9
2710.0000003227246,-36645.03290079529,11109.54442951765,-25535.48847127764,297.2375697915688,14.9
2720.000000324762,-36615.497330608276,11136.75258361419,-25478.744746994085,297.2082337828162,14.9
2730.000000326799,-36627.6828542182,11256.121590311417,-25371.56126390678,301.208149380056,14.9
2740.0000003288364,-36797.533488652865,10945.200096499946,-25852.33339215292,292.04935904990515,14.9
2750.0000003308737,-36027.61440090115,11110.712688753698,-24916.90171214745,297.07525975374807,14.9
2760.000000332911,-36627.612226074736,11030.344230199782,-25597.267995874954,294.5376667186097,14.9
2770.0000003349483,-36821.79924694541,11116.333193747018,-25705.466053198394,295.72562373236275,14.9
2780.0000003369855,-36657.22743660346,11022.93669855729,-25634.29073804617,294.02348031358633,14.9
2790.000000339023,-36918.09268888845,11036.326958397694,-25881.765730490755,295.0556214916197,14.9
2800.00000034106,-37051.24426428082,11231.739088184691,-25819.505176096125,299.6986765823895,14.9
2810.0000003430973,-36504.46305064067,11196.480059941781,-25307.98299069889,299.6290626519533,14.9
2820.0000003451346,-36594.57261509353,11406.913731439558,-25187.658883653974,304.22169971744694,14.9
2830.000000347172,-36864.173248830084,11109.10900892259,-25755.064239907493,296.33500312290056,14.9
2840.000000349209,-36724.56998163599,11317.888710665045,-25406.68127097095,302.2938176532807,14.9
2850.0000003512464,-36508.65258898891,11044.472960251987,-25464.17962873692,295.14135262189814,14.9
2860.0000003532837,-36224.1112123517,10995.296373100273,-25228.814839251427,294.06220118645524,14.9
2870.000000355321,-36678.220881419795,10945.772801698638,-25732.448079721158,292.60206903886285,14.9
2880.000000357358,-36582.403149882004,11207.865356736032,-25374.537793145973,299.09288998104654,14.9
2890.0000003593955,-36985.204047960346,11013.12559768623,-25972.078450274115,293.7874522225699,14.9
2900.0000003614327,-36476.716778243994,11154.707025701358,-25322.009752542635,297.62493371509765,14.9
2910.00000036347,-36619.753497252954,11014.175237461586,-25605.578259791368,294.4190109771223,14.9
2920.0000003655073,-36824.41739284948,11142.444373158822,-25681.973019690657,298.38107890860556,14.9
2930.0000003675445,-36287.91468936206,11204.2379097599,-25083.676779602156,298.73345565453235,14.9
2940.000000369582,-36488.83780916163,11191.363347983015,-25297.474461178615,298.5138470391691,14.9
2950.000000371619,-36987.58253507456,11050.92049645257,-25936.662038621987,295.84619333694513,14.9
2960.0000003736563,-36975.36748814446,11221.507422092229,-25753.86006605223,299.91877658416564,14.9
2970.0000003756936,-36437.099638832464,11324.258794297031,-25112.840844535433,301.88584732536316,14.9
2980.000000377731,-36895.34930018243,11148.26822945677,-25747.08107072566,297.7640482354058,14.9
2990.000000379768,-36483.0377420389,11337.109646083522,-25145.928095955376,303.30474622193657,14.9
3000.0000003818054,-36719.37042076865,10914.238372291558,-25805.132048477095,291.52124970786133,14.9
